Mono path[0] = '/home/thetincan/.local/share/Steam/steamapps/common/Kingdom Two Crowns/KingdomTwoCrowns_Data/Managed'
Mono config path = '/home/thetincan/.local/share/Steam/steamapps/common/Kingdom Two Crowns/KingdomTwoCrowns_Data/MonoBleedingEdge/etc'
Preloaded 'libsteam_api.so'
Display 0 'XWAYLAND1 24"': 1920x1080 (primary device).
Display 1 'XWAYLAND0 24"': 1080x1920 (secondary device).
Display 2 'XWAYLAND2 23"': 1920x1080 (secondary device).
Desktop is 1920 x 1080 @ 144 Hz
Initialize engine version: 2019.4.13f1 (518737b1de84)
[Subsystems] Discovering subsystems at path /home/thetincan/.local/share/Steam/steamapps/common/Kingdom Two Crowns/KingdomTwoCrowns_Data/UnitySubsystems
GfxDevice: creating device client; threaded=1
Renderer: AMD Radeon RX 5700 XT (navi10, LLVM 15.0.0, DRM 3.47, 5.19.11-300.fc37.x86_64)
Vendor:   AMD
Version:  4.6 (Core Profile) Mesa 22.2.0
GLES:     0
 GL_AMD_conservative_depth GL_AMD_depth_clamp_separate GL_AMD_draw_buffers_blend GL_AMD_framebuffer_multisample_advanced GL_AMD_gpu_shader_int64 GL_AMD_multi_draw_indirect GL_AMD_performance_monitor GL_AMD_pinned_memory GL_AMD_query_buffer_object GL_AMD_seamless_cubemap_per_texture GL_AMD_shader_stencil_export GL_AMD_shader_trinary_minmax GL_AMD_texture_texture4 GL_AMD_vertex_shader_layer GL_AMD_vertex_shader_viewport_index GL_ANGLE_texture_compression_dxt3 GL_ANGLE_texture_compression_dxt5 GL_ARB_ES2_compatibility GL_ARB_ES3_1_compatibility GL_ARB_ES3_2_compatibility GL_ARB_ES3_compatibility GL_ARB_arrays_of_arrays GL_ARB_base_instance GL_ARB_bindless_texture GL_ARB_blend_func_extended GL_ARB_buffer_storage GL_ARB_clear_buffer_object GL_ARB_clear_texture GL_ARB_clip_control GL_ARB_color_buffer_float GL_ARB_compressed_texture_pixel_storage GL_ARB_compute_shader GL_ARB_compute_variable_group_size GL_ARB_conditional_render_inverted GL_ARB_conservative_depth GL_ARB_copy_buffer GL_ARB_copy_image GL_ARB_cull_dist
ance GL_ARB_debug_output GL_ARB_depth_buffer_float GL_ARB_depth_clamp GL_ARB_derivative_control GL_ARB_direct_state_access GL_ARB_draw_buffers GL_ARB_draw_buffers_blend GL_ARB_draw_elements_base_vertex GL_ARB_draw_indirect GL_ARB_draw_instanced GL_ARB_enhanced_layouts GL_ARB_explicit_attrib_location GL_ARB_explicit_uniform_location GL_ARB_fragment_coord_conventions GL_ARB_fragment_layer_viewport GL_ARB_fragment_shader GL_ARB_framebuffer_no_attachments GL_ARB_framebuffer_object GL_ARB_framebuffer_sRGB GL_ARB_get_program_binary GL_ARB_get_texture_sub_image GL_ARB_gl_spirv GL_ARB_gpu_shader5 GL_ARB_gpu_shader_fp64 GL_ARB_gpu_shader_int64 GL_ARB_half_float_pixel GL_ARB_half_float_vertex GL_ARB_indirect_parameters GL_ARB_instanced_arrays GL_ARB_internalformat_query GL_ARB_internalformat_query2 GL_ARB_invalidate_subdata GL_ARB_map_buffer_alignment GL_ARB_map_buffer_range GL_ARB_multi_bind GL_ARB_multi_draw_indirect GL_ARB_occlusion_query2 GL_ARB_parallel_shader_compile GL_ARB_pipeline_statistics_query GL_ARB_pixel
_buffer_object GL_ARB_point_sprite GL_ARB_polygon_offset_clamp GL_ARB_post_depth_coverage GL_ARB_program_interface_query GL_ARB_provoking_vertex GL_ARB_query_buffer_object GL_ARB_robust_buffer_access_behavior GL_ARB_robustness GL_ARB_sample_shading GL_ARB_sampler_objects GL_ARB_seamless_cube_map GL_ARB_seamless_cubemap_per_texture GL_ARB_separate_shader_objects GL_ARB_shader_atomic_counter_ops GL_ARB_shader_atomic_counters GL_ARB_shader_ballot GL_ARB_shader_bit_encoding GL_ARB_shader_clock GL_ARB_shader_draw_parameters GL_ARB_shader_group_vote GL_ARB_shader_image_load_store GL_ARB_shader_image_size GL_ARB_shader_objects GL_ARB_shader_precision GL_ARB_shader_stencil_export GL_ARB_shader_storage_buffer_object GL_ARB_shader_subroutine GL_ARB_shader_texture_image_samples GL_ARB_shader_texture_lod GL_ARB_shader_viewport_layer_array GL_ARB_shading_language_420pack GL_ARB_shading_language_include GL_ARB_shading_language_packing GL_ARB_sparse_buffer GL_ARB_sparse_texture GL_ARB_sparse_texture2 GL_ARB_sparse_texture_
clamp GL_ARB_spirv_extensions GL_ARB_stencil_texturing GL_ARB_sync GL_ARB_tessellation_shader GL_ARB_texture_barrier GL_ARB_texture_buffer_object GL_ARB_texture_buffer_object_rgb32 GL_ARB_texture_buffer_range GL_ARB_texture_compression_bptc GL_ARB_texture_compression_rgtc GL_ARB_texture_cube_map_array GL_ARB_texture_filter_anisotropic GL_ARB_texture_float GL_ARB_texture_gather GL_ARB_texture_mirror_clamp_to_edge GL_ARB_texture_multisample GL_ARB_texture_non_power_of_two GL_ARB_texture_query_levels GL_ARB_texture_query_lod GL_ARB_texture_rectangle GL_ARB_texture_rg GL_ARB_texture_rgb10_a2ui GL_ARB_texture_stencil8 GL_ARB_texture_storage GL_ARB_texture_storage_multisample GL_ARB_texture_swizzle GL_ARB_texture_view GL_ARB_timer_query GL_ARB_transform_feedback2 GL_ARB_transform_feedback3 GL_ARB_transform_feedback_instanced GL_ARB_transform_feedback_overflow_query GL_ARB_uniform_buffer_object GL_ARB_vertex_array_bgra GL_ARB_vertex_array_object GL_ARB_vertex_attrib_64bit GL_ARB_vertex_attrib_binding GL_ARB_vertex_
buffer_object GL_ARB_vertex_shader GL_ARB_vertex_type_10f_11f_11f_rev GL_ARB_vertex_type_2_10_10_10_rev GL_ARB_viewport_array GL_ATI_blend_equation_separate GL_ATI_meminfo GL_ATI_texture_float GL_ATI_texture_mirror_once GL_EXT_EGL_image_storage GL_EXT_EGL_sync GL_EXT_abgr GL_EXT_blend_equation_separate GL_EXT_demote_to_helper_invocation GL_EXT_depth_bounds_test GL_EXT_draw_buffers2 GL_EXT_draw_instanced GL_EXT_framebuffer_blit GL_EXT_framebuffer_multisample GL_EXT_framebuffer_multisample_blit_scaled GL_EXT_framebuffer_object GL_EXT_framebuffer_sRGB GL_EXT_memory_object GL_EXT_memory_object_fd GL_EXT_packed_depth_stencil GL_EXT_packed_float GL_EXT_pixel_buffer_object GL_EXT_polygon_offset_clamp GL_EXT_provoking_vertex GL_EXT_semaphore GL_EXT_semaphore_fd GL_EXT_shader_image_load_formatted GL_EXT_shader_image_load_store GL_EXT_shader_integer_mix GL_EXT_shader_samples_identical GL_EXT_texture_array GL_EXT_texture_compression_dxt1 GL_EXT_texture_compression_rgtc GL_EXT_texture_compression_s3tc GL_EXT_texture_fil
ter_anisotropic GL_EXT_texture_integer GL_EXT_texture_mirror_clamp GL_EXT_texture_sRGB GL_EXT_texture_sRGB_R8 GL_EXT_texture_sRGB_RG8 GL_EXT_texture_sRGB_decode GL_EXT_texture_shadow_lod GL_EXT_texture_shared_exponent GL_EXT_texture_snorm GL_EXT_texture_swizzle GL_EXT_timer_query GL_EXT_transform_feedback GL_EXT_vertex_array_bgra GL_EXT_vertex_attrib_64bit GL_EXT_window_rectangles GL_IBM_multimode_draw_arrays GL_INTEL_blackhole_render GL_KHR_blend_equation_advanced GL_KHR_context_flush_control GL_KHR_debug GL_KHR_no_error GL_KHR_parallel_shader_compile GL_KHR_robust_buffer_access_behavior GL_KHR_robustness GL_KHR_texture_compression_astc_ldr GL_KHR_texture_compression_astc_sliced_3d GL_MESA_framebuffer_flip_y GL_MESA_pack_invert GL_MESA_shader_integer_functions GL_MESA_texture_signed_rgba GL_NVX_gpu_memory_info GL_NV_alpha_to_coverage_dither_control GL_NV_compute_shader_derivatives GL_NV_conditional_render GL_NV_copy_image GL_NV_depth_clamp GL_NV_packed_depth_stencil GL_NV_shader_atomic_int64 GL_NV_texture_b
arrier GL_NV_vdpau_interop GL_OES_EGL_image GL_S3_s3tc
OPENGL LOG: Creating OpenGL 4.6 graphics device ; Context level  <OpenGL 4.5> ; Context handle 42302288
Begin MonoManager ReloadAssembly
- Completed reload, in  0.102 seconds
Default vsync count 1
requesting resize 1920 x 1080
Using native desktop resolution 1920 x 1080
requesting fullscreen 1920 x 1080 at 0 Hz
Desktop is 1920 x 1080 @ 144 Hz
UnloadTime: 0.554110 ms
Fallback handler could not load library /home/thetincan/.local/share/Steam/steamapps/common/Kingdom Two Crowns/KingdomTwoCrowns_Data/Mono/libudev.so
Fallback handler could not load library /home/thetincan/.local/share/Steam/steamapps/common/Kingdom Two Crowns/KingdomTwoCrowns_Data/Mono/libudev.so
Fallback handler could not load library /home/thetincan/.local/share/Steam/steamapps/common/Kingdom Two Crowns/KingdomTwoCrowns_Data/Mono/libudev.so
Fallback handler could not load library /home/thetincan/.local/share/Steam/steamapps/common/Kingdom Two Crowns/KingdomTwoCrowns_Data/Mono/libudev.so
Fallback handler could not load library /home/thetincan/.local/share/Steam/steamapps/common/Kingdom Two Crowns/KingdomTwoCrowns_Data/Mono/libudev.so
Fallback handler could not load library /home/thetincan/.local/share/Steam/steamapps/common/Kingdom Two Crowns/KingdomTwoCrowns_Data/Mono/libudev.so
Fallback handler could not load library /home/thetincan/.local/share/Steam/steamapps/common/Kingdom Two Crowns/KingdomTwoCrowns_Data/Mono/libudev.so
Fallback handler could not load library /home/thetincan/.local/share/Steam/steamapps/common/Kingdom Two Crowns/KingdomTwoCrowns_Data/Mono/libudev.so
Fallback handler could not load library /home/thetincan/.local/share/Steam/steamapps/common/Kingdom Two Crowns/KingdomTwoCrowns_Data/Mono/libudev.so
Fallback handler could not load library /home/thetincan/.local/share/Steam/steamapps/common/Kingdom Two Crowns/KingdomTwoCrowns_Data/Mono/libudev.so
Fallback handler could not load library /home/thetincan/.local/share/Steam/steamapps/common/Kingdom Two Crowns/KingdomTwoCrowns_Data/Mono/libudev.so
Fallback handler could not load library /home/thetincan/.local/share/Steam/steamapps/common/Kingdom Two Crowns/KingdomTwoCrowns_Data/Mono/libudev.so
Fallback handler could not load library /home/thetincan/.local/share/Steam/steamapps/common/Kingdom Two Crowns/KingdomTwoCrowns_Data/Mono/libudev.so
Fallback handler could not load library /home/thetincan/.local/share/Steam/steamapps/common/Kingdom Two Crowns/KingdomTwoCrowns_Data/Mono/libudev.so
Fallback handler could not load library /home/thetincan/.local/share/Steam/steamapps/common/Kingdom Two Crowns/KingdomTwoCrowns_Data/Mono/libudev.so
Fallback handler could not load library /home/thetincan/.local/share/Steam/steamapps/common/Kingdom Two Crowns/KingdomTwoCrowns_Data/Mono/libudev.so
Fallback handler could not load library /home/thetincan/.local/share/Steam/steamapps/common/Kingdom Two Crowns/KingdomTwoCrowns_Data/Mono/libudev.so
Fallback handler could not load library /home/thetincan/.local/share/Steam/steamapps/common/Kingdom Two Crowns/KingdomTwoCrowns_Data/Mono/libudev.so
Fallback handler could not load library /home/thetincan/.local/share/Steam/steamapps/common/Kingdom Two Crowns/KingdomTwoCrowns_Data/Mono/libudev.so
Fallback handler could not load library /home/thetincan/.local/share/Steam/steamapps/common/Kingdom Two Crowns/KingdomTwoCrowns_Data/Mono/libudev.so
Fallback handler could not load library /home/thetincan/.local/share/Steam/steamapps/common/Kingdom Two Crowns/KingdomTwoCrowns_Data/Mono/libudev.so
Fallback handler could not load library /home/thetincan/.local/share/Steam/steamapps/common/Kingdom Two Crowns/KingdomTwoCrowns_Data/Mono/libudev.so
Fallback handler could not load library /home/thetincan/.local/share/Steam/steamapps/common/Kingdom Two Crowns/KingdomTwoCrowns_Data/Mono/libudev.so
Fallback handler could not load library /home/thetincan/.local/share/Steam/steamapps/common/Kingdom Two Crowns/KingdomTwoCrowns_Data/Mono/libudev.so
Fallback handler could not load library /home/thetincan/.local/share/Steam/steamapps/common/Kingdom Two Crowns/KingdomTwoCrowns_Data/Mono/libudev.so
Fallback handler could not load library /home/thetincan/.local/share/Steam/steamapps/common/Kingdom Two Crowns/KingdomTwoCrowns_Data/Mono/libudev.so
Fallback handler could not load library /home/thetincan/.local/share/Steam/steamapps/common/Kingdom Two Crowns/KingdomTwoCrowns_Data/Mono/libudev.so
Fallback handler could not load library /home/thetincan/.local/share/Steam/steamapps/common/Kingdom Two Crowns/KingdomTwoCrowns_Data/Mono/libudev.so
Fallback handler could not load library /home/thetincan/.local/share/Steam/steamapps/common/Kingdom Two Crowns/KingdomTwoCrowns_Data/Mono/libudev.so
Fallback handler could not load library /home/thetincan/.local/share/Steam/steamapps/common/Kingdom Two Crowns/KingdomTwoCrowns_Data/Mono/libudev.so
Fallback handler could not load library /home/thetincan/.local/share/Steam/steamapps/common/Kingdom Two Crowns/KingdomTwoCrowns_Data/Mono/libudev.so
Fallback handler could not load library /home/thetincan/.local/share/Steam/steamapps/common/Kingdom Two Crowns/KingdomTwoCrowns_Data/Mono/libudev.so
Fallback handler could not load library /home/thetincan/.local/share/Steam/steamapps/common/Kingdom Two Crowns/KingdomTwoCrowns_Data/Mono/libudev.so
Fallback handler could not load library /home/thetincan/.local/share/Steam/steamapps/common/Kingdom Two Crowns/KingdomTwoCrowns_Data/Mono/libudev.so
Fallback handler could not load library /home/thetincan/.local/share/Steam/steamapps/common/Kingdom Two Crowns/KingdomTwoCrowns_Data/Mono/libudev.so
Fallback handler could not load library /home/thetincan/.local/share/Steam/steamapps/common/Kingdom Two Crowns/KingdomTwoCrowns_Data/Mono/libudev.so
Fallback handler could not load library /home/thetincan/.local/share/Steam/steamapps/common/Kingdom Two Crowns/KingdomTwoCrowns_Data/Mono/libudev.so
Fallback handler could not load library /home/thetincan/.local/share/Steam/steamapps/common/Kingdom Two Crowns/KingdomTwoCrowns_Data/Mono/libudev.so
Fallback handler could not load library /home/thetincan/.local/share/Steam/steamapps/common/Kingdom Two Crowns/KingdomTwoCrowns_Data/Mono/libudev.so
Fallback handler could not load library /home/thetincan/.local/share/Steam/steamapps/common/Kingdom Two Crowns/KingdomTwoCrowns_Data/Mono/libudev.so
Fallback handler could not load library /home/thetincan/.local/share/Steam/steamapps/common/Kingdom Two Crowns/KingdomTwoCrowns_Data/Mono/libudev.so
Fallback handler could not load library /home/thetincan/.local/share/Steam/steamapps/common/Kingdom Two Crowns/KingdomTwoCrowns_Data/Mono/libudev.so
Fallback handler could not load library /home/thetincan/.local/share/Steam/steamapps/common/Kingdom Two Crowns/KingdomTwoCrowns_Data/Mono/libudev.so
Fallback handler could not load library /home/thetincan/.local/share/Steam/steamapps/common/Kingdom Two Crowns/KingdomTwoCrowns_Data/Mono/libudev.so
Fallback handler could not load library /home/thetincan/.local/share/Steam/steamapps/common/Kingdom Two Crowns/KingdomTwoCrowns_Data/Mono/libudev.so
Fallback handler could not load library /home/thetincan/.local/share/Steam/steamapps/common/Kingdom Two Crowns/KingdomTwoCrowns_Data/Mono/libudev.so
Fallback handler could not load library /home/thetincan/.local/share/Steam/steamapps/common/Kingdom Two Crowns/KingdomTwoCrowns_Data/Mono/libudev.so
Fallback handler could not load library /home/thetincan/.local/share/Steam/steamapps/common/Kingdom Two Crowns/KingdomTwoCrowns_Data/Mono/libudev.so
Fallback handler could not load library /home/thetincan/.local/share/Steam/steamapps/common/Kingdom Two Crowns/KingdomTwoCrowns_Data/Mono/libudev.so
Fallback handler could not load library /home/thetincan/.local/share/Steam/steamapps/common/Kingdom Two Crowns/KingdomTwoCrowns_Data/Mono/libudev.so
Fallback handler could not load library /home/thetincan/.local/share/Steam/steamapps/common/Kingdom Two Crowns/KingdomTwoCrowns_Data/Mono/libudev.so
Fallback handler could not load library /home/thetincan/.local/share/Steam/steamapps/common/Kingdom Two Crowns/KingdomTwoCrowns_Data/Mono/libudev.so
Fallback handler could not load library /home/thetincan/.local/share/Steam/steamapps/common/Kingdom Two Crowns/KingdomTwoCrowns_Data/Mono/libudev.so
Fallback handler could not load library /home/thetincan/.local/share/Steam/steamapps/common/Kingdom Two Crowns/KingdomTwoCrowns_Data/Mono/libudev.so
Fallback handler could not load library /home/thetincan/.local/share/Steam/steamapps/common/Kingdom Two Crowns/KingdomTwoCrowns_Data/Mono/libudev.so
Fallback handler could not load library /home/thetincan/.local/share/Steam/steamapps/common/Kingdom Two Crowns/KingdomTwoCrowns_Data/Mono/libudev.so
Fallback handler could not load library /home/thetincan/.local/share/Steam/steamapps/common/Kingdom Two Crowns/KingdomTwoCrowns_Data/Mono/libudev.so
Fallback handler could not load library /home/thetincan/.local/share/Steam/steamapps/common/Kingdom Two Crowns/KingdomTwoCrowns_Data/Mono/libudev.so
Fallback handler could not load library /home/thetincan/.local/share/Steam/steamapps/common/Kingdom Two Crowns/KingdomTwoCrowns_Data/Mono/libudev.so
Fallback handler could not load library /home/thetincan/.local/share/Steam/steamapps/common/Kingdom Two Crowns/KingdomTwoCrowns_Data/Mono/libudev.so
Fallback handler could not load library /home/thetincan/.local/share/Steam/steamapps/common/Kingdom Two Crowns/KingdomTwoCrowns_Data/Mono/libudev.so
Fallback handler could not load library /home/thetincan/.local/share/Steam/steamapps/common/Kingdom Two Crowns/KingdomTwoCrowns_Data/Mono/libudev.so
Fallback handler could not load library /home/thetincan/.local/share/Steam/steamapps/common/Kingdom Two Crowns/KingdomTwoCrowns_Data/Mono/libudev.so
Successfully Loaded Haglet Assemblies
Found SystemLanguage English (10): 2 
(Filename: ./Runtime/Export/Debug/Debug.bindings.h Line: 35)

[S_API] SteamAPI_Init(): Loaded '/home/thetincan/.local/share/Steam/linux64/steamclient.so' OK.
Setting breakpad minidump AppID = 701160
SteamInternal_SetMinidumpSteamID:  Caching Steam ID:  76561198050710288 [API loaded no]
Got AppID: 701160 
(Filename: ./Runtime/Export/Debug/Debug.bindings.h Line: 35)

Steam: Logged in as: the tin can 
(Filename: ./Runtime/Export/Debug/Debug.bindings.h Line: 35)

Fallback handler could not load library /home/thetincan/.local/share/Steam/steamapps/common/Kingdom Two Crowns/KingdomTwoCrowns_Data/Mono/libDataPlatform
Fallback handler could not load library /home/thetincan/.local/share/Steam/steamapps/common/Kingdom Two Crowns/KingdomTwoCrowns_Data/Mono/libDataPlatform.so
Fallback handler could not load library /home/thetincan/.local/share/Steam/steamapps/common/Kingdom Two Crowns/KingdomTwoCrowns_Data/Mono/DataPlatform
Fallback handler could not load library /home/thetincan/.local/share/Steam/steamapps/common/Kingdom Two Crowns/KingdomTwoCrowns_Data/Mono/libDataPlatform
Fallback handler could not load library /home/thetincan/.local/share/Steam/steamapps/common/Kingdom Two Crowns/KingdomTwoCrowns_Data/Mono/libDataPlatform.so
Fallback handler could not load library /home/thetincan/.local/share/Steam/steamapps/common/Kingdom Two Crowns/KingdomTwoCrowns_Data/Mono/libDataPlatform
Fallback handler could not load library /home/thetincan/.local/share/Steam/steamapps/common/Kingdom Two Crowns/KingdomTwoCrowns_Data/Mono/libStorage
Fallback handler could not load library /home/thetincan/.local/share/Steam/steamapps/common/Kingdom Two Crowns/KingdomTwoCrowns_Data/Mono/libStorage.so
Fallback handler could not load library /home/thetincan/.local/share/Steam/steamapps/common/Kingdom Two Crowns/KingdomTwoCrowns_Data/Mono/Storage
Fallback handler could not load library /home/thetincan/.local/share/Steam/steamapps/common/Kingdom Two Crowns/KingdomTwoCrowns_Data/Mono/libStorage
Fallback handler could not load library /home/thetincan/.local/share/Steam/steamapps/common/Kingdom Two Crowns/KingdomTwoCrowns_Data/Mono/libStorage.so
Fallback handler could not load library /home/thetincan/.local/share/Steam/steamapps/common/Kingdom Two Crowns/KingdomTwoCrowns_Data/Mono/libStorage
Fallback handler could not load library /home/thetincan/.local/share/Steam/steamapps/common/Kingdom Two Crowns/KingdomTwoCrowns_Data/Mono/libMarketplace
Fallback handler could not load library /home/thetincan/.local/share/Steam/steamapps/common/Kingdom Two Crowns/KingdomTwoCrowns_Data/Mono/libMarketplace.so
Fallback handler could not load library /home/thetincan/.local/share/Steam/steamapps/common/Kingdom Two Crowns/KingdomTwoCrowns_Data/Mono/Marketplace
Fallback handler could not load library /home/thetincan/.local/share/Steam/steamapps/common/Kingdom Two Crowns/KingdomTwoCrowns_Data/Mono/libMarketplace
Fallback handler could not load library /home/thetincan/.local/share/Steam/steamapps/common/Kingdom Two Crowns/KingdomTwoCrowns_Data/Mono/libMarketplace.so
Fallback handler could not load library /home/thetincan/.local/share/Steam/steamapps/common/Kingdom Two Crowns/KingdomTwoCrowns_Data/Mono/libMarketplace
Fallback handler could not load library /home/thetincan/.local/share/Steam/steamapps/common/Kingdom Two Crowns/KingdomTwoCrowns_Data/Mono/libFriends
Fallback handler could not load library /home/thetincan/.local/share/Steam/steamapps/common/Kingdom Two Crowns/KingdomTwoCrowns_Data/Mono/libFriends.so
Fallback handler could not load library /home/thetincan/.local/share/Steam/steamapps/common/Kingdom Two Crowns/KingdomTwoCrowns_Data/Mono/Friends
Fallback handler could not load library /home/thetincan/.local/share/Steam/steamapps/common/Kingdom Two Crowns/KingdomTwoCrowns_Data/Mono/libFriends
Fallback handler could not load library /home/thetincan/.local/share/Steam/steamapps/common/Kingdom Two Crowns/KingdomTwoCrowns_Data/Mono/libFriends.so
Fallback handler could not load library /home/thetincan/.local/share/Steam/steamapps/common/Kingdom Two Crowns/KingdomTwoCrowns_Data/Mono/libFriends
Fallback handler could not load library /home/thetincan/.local/share/Steam/steamapps/common/Kingdom Two Crowns/KingdomTwoCrowns_Data/Mono/libMultiplayer
Fallback handler could not load library /home/thetincan/.local/share/Steam/steamapps/common/Kingdom Two Crowns/KingdomTwoCrowns_Data/Mono/libMultiplayer.so
Fallback handler could not load library /home/thetincan/.local/share/Steam/steamapps/common/Kingdom Two Crowns/KingdomTwoCrowns_Data/Mono/Multiplayer
Fallback handler could not load library /home/thetincan/.local/share/Steam/steamapps/common/Kingdom Two Crowns/KingdomTwoCrowns_Data/Mono/libMultiplayer
Fallback handler could not load library /home/thetincan/.local/share/Steam/steamapps/common/Kingdom Two Crowns/KingdomTwoCrowns_Data/Mono/libMultiplayer.so
Fallback handler could not load library /home/thetincan/.local/share/Steam/steamapps/common/Kingdom Two Crowns/KingdomTwoCrowns_Data/Mono/libMultiplayer
Fallback handler could not load library /home/thetincan/.local/share/Steam/steamapps/common/Kingdom Two Crowns/KingdomTwoCrowns_Data/Mono/libSavedGames
Fallback handler could not load library /home/thetincan/.local/share/Steam/steamapps/common/Kingdom Two Crowns/KingdomTwoCrowns_Data/Mono/libSavedGames.so
Fallback handler could not load library /home/thetincan/.local/share/Steam/steamapps/common/Kingdom Two Crowns/KingdomTwoCrowns_Data/Mono/SavedGames
Fallback handler could not load library /home/thetincan/.local/share/Steam/steamapps/common/Kingdom Two Crowns/KingdomTwoCrowns_Data/Mono/libSavedGames
Fallback handler could not load library /home/thetincan/.local/share/Steam/steamapps/common/Kingdom Two Crowns/KingdomTwoCrowns_Data/Mono/libSavedGames.so
Fallback handler could not load library /home/thetincan/.local/share/Steam/steamapps/common/Kingdom Two Crowns/KingdomTwoCrowns_Data/Mono/libSavedGames
ProgramDirector begun Preload 
(Filename: ./Runtime/Export/Debug/Debug.bindings.h Line: 35)

UNet Router setup 
(Filename: ./Runtime/Export/Debug/Debug.bindings.h Line: 35)

ProgramDirector begun LoadingLoaderScene 
(Filename: ./Runtime/Export/Debug/Debug.bindings.h Line: 35)

USING RENDER PIPELINE: screen manager not null 
(Filename: ./Runtime/Export/Debug/Debug.bindings.h Line: 35)

ProgramDirector begun Engagement 
(Filename: ./Runtime/Export/Debug/Debug.bindings.h Line: 35)

Steam: User Stats Received
 
(Filename: ./Runtime/Export/Debug/Debug.bindings.h Line: 35)

ProgramDirector begun InitialisingFiler 
(Filename: ./Runtime/Export/Debug/Debug.bindings.h Line: 35)

ProgramDirector begun ShowSaveWarningScreen 
(Filename: ./Runtime/Export/Debug/Debug.bindings.h Line: 35)

ProgramDirector begun PlayfabLogin 
(Filename: ./Runtime/Export/Debug/Debug.bindings.h Line: 35)

<color=blue>(Playfab)</color> Login success 
(Filename: ./Runtime/Export/Debug/Debug.bindings.h Line: 35)

Argument is null 
(Filename: ./Runtime/Export/Debug/Debug.bindings.h Line: 35)

Is logged in and verified 
(Filename: ./Runtime/Export/Debug/Debug.bindings.h Line: 35)

LoadBiome called which means the Biome wasnt loaded when accessed, the biome data should be loaded before hand using LoadBiomeAsync! 
(Filename: ./Runtime/Export/Debug/Debug.bindings.h Line: 35)

Loading Biome Data: Biome/OakAndBirch 
(Filename: ./Runtime/Export/Debug/Debug.bindings.h Line: 35)

Upload of user data CurrentSessionDeviceID, with value 0168d60f0ed347f7baf33957f5bda6a9, was successful 
(Filename: ./Runtime/Export/Debug/Debug.bindings.h Line: 35)

STAMPS ARE SAME DO NOTHING 
(Filename: ./Runtime/Export/Debug/Debug.bindings.h Line: 35)

<color=blue>(Playfab)</color> Found 8 cloud save files 
(Filename: ./Runtime/Export/Debug/Debug.bindings.h Line: 35)

<color=blue>(Playfab)</color> Cloud save resolver result: UpToDate 
(Filename: ./Runtime/Export/Debug/Debug.bindings.h Line: 35)

ProgramDirector begun LoadingGlobalSaveData 
(Filename: ./Runtime/Export/Debug/Debug.bindings.h Line: 35)

Found SystemLanguage English (10): 2 
(Filename: ./Runtime/Export/Debug/Debug.bindings.h Line: 35)

GlobalSaveData Load, Success 
(Filename: ./Runtime/Export/Debug/Debug.bindings.h Line: 35)

ProgramDirector begun LoadingIslandSaveData 
(Filename: ./Runtime/Export/Debug/Debug.bindings.h Line: 35)

IslandSaveData Load, Success 
(Filename: ./Runtime/Export/Debug/Debug.bindings.h Line: 35)

ProgramDirector begun ShowingSplash 
(Filename: ./Runtime/Export/Debug/Debug.bindings.h Line: 35)

ProgramDirector begun LoadingMainScene 
(Filename: ./Runtime/Export/Debug/Debug.bindings.h Line: 35)

Managers.Inst.InitAll() 1490 
(Filename: ./Runtime/Export/Debug/Debug.bindings.h Line: 35)

TOUCH . 0 DPI. Deadzone 10-30 pixels (capped 1.0). Res 1920x1080 
(Filename: ./Runtime/Export/Debug/Debug.bindings.h Line: 35)

Game created. Version: 1.1.16 Revision: 17147 Hash: e230f674a5 Branch: origin/twocrowns/norselands-patch-2 
(Filename: ./Runtime/Export/Debug/Debug.bindings.h Line: 35)

Setting render size to 1920x1080 (Camera 1) 
(Filename: ./Runtime/Export/Debug/Debug.bindings.h Line: 35)

Setting water size to 640x360 
(Filename: ./Runtime/Export/Debug/Debug.bindings.h Line: 35)

Setting render size to 1920x1080 (Camera 0) 
(Filename: ./Runtime/Export/Debug/Debug.bindings.h Line: 35)

Setting water size to 640x360 
(Filename: ./Runtime/Export/Debug/Debug.bindings.h Line: 35)

ProgramDirector begun BuildingLevel 
(Filename: ./Runtime/Export/Debug/Debug.bindings.h Line: 35)

Unloading 6 Unused Serialized files (Serialized files now loaded: 0)
[CAVE] Apply state: None 
(Filename: ./Runtime/Export/Debug/Debug.bindings.h Line: 35)

[CAVE] New cave state: None 
(Filename: ./Runtime/Export/Debug/Debug.bindings.h Line: 35)

the tin can 
(Filename: ./Runtime/Export/Debug/Debug.bindings.h Line: 35)

Checking become safe, isDaytime False isSafe: False isDangerous: True, enemManager: Enemies attacking: True retaliations: 0 
(Filename: ./Runtime/Export/Debug/Debug.bindings.h Line: 35)

[RP]Setting rich presence: InMenu 
(Filename: ./Runtime/Export/Debug/Debug.bindings.h Line: 35)

CampaignSaveData.ApplyToScene:
newIsland: False	sailingIn: False	newReignForIslandPostLoss: False 
(Filename: ./Runtime/Export/Debug/Debug.bindings.h Line: 35)

During loading, found that the WRECK should be active 
(Filename: ./Runtime/Export/Debug/Debug.bindings.h Line: 35)

HagletEvent Default Update automatically increased its responder capacity to 150 
(Filename: ./Runtime/Export/Debug/Debug.bindings.h Line: 35)


Unloading 195 unused Assets to reduce memory usage. Loaded Objects now: 78807.
Total: 81.561192 ms (FindLiveObjects: 6.238532 ms CreateObjectMapping: 2.600441 ms MarkObjects: 72.405729 ms  DeleteObjects: 0.315720 ms)

Unloading 1 Unused Serialized files (Serialized files now loaded: 0)
Going to Tower: Guard Position 1 @ -15.125 
(Filename: ./Runtime/Export/Debug/Debug.bindings.h Line: 35)

Going to Tower: Guard Position 2 @ -7 
(Filename: ./Runtime/Export/Debug/Debug.bindings.h Line: 35)

Going to Tower: Guard Position 1 @ -39.77125 
(Filename: ./Runtime/Export/Debug/Debug.bindings.h Line: 35)

Going to Tower: Guard Position 1 @ -7.4375 
(Filename: ./Runtime/Export/Debug/Debug.bindings.h Line: 35)

[CAVE] New cave state: None 
(Filename: ./Runtime/Export/Debug/Debug.bindings.h Line: 35)


Unloading 0 unused Assets to reduce memory usage. Loaded Objects now: 78866.
Total: 65.968447 ms (FindLiveObjects: 3.989261 ms CreateObjectMapping: 2.641660 ms MarkObjects: 59.244846 ms  DeleteObjects: 0.091450 ms)

Couldn't find position for shop 'Forge' within range +/-0->37.24 (increment = 0.4), adding to queue... 
(Filename: ./Runtime/Export/Debug/Debug.bindings.h Line: 35)

ProgramDirector begun RunningGame 
(Filename: ./Runtime/Export/Debug/Debug.bindings.h Line: 35)

Checking become safe, isDaytime False isSafe: False isDangerous: False, enemManager: Enemies attacking: False retaliations: 0 
(Filename: ./Runtime/Export/Debug/Debug.bindings.h Line: 35)

Checking become safe, isDaytime False isSafe: False isDangerous: False, enemManager: Enemies attacking: False retaliations: 0 
(Filename: ./Runtime/Export/Debug/Debug.bindings.h Line: 35)

Couldn't find position for shop 'Forge' within range +/-0->37.24 (increment = 0.4), adding to queue... 
(Filename: ./Runtime/Export/Debug/Debug.bindings.h Line: 35)

Checking become safe, isDaytime True isSafe: False isDangerous: False, enemManager: Enemies attacking: False retaliations: 0 
(Filename: ./Runtime/Export/Debug/Debug.bindings.h Line: 35)

the tin can 
(Filename: ./Runtime/Export/Debug/Debug.bindings.h Line: 35)

[CAVE] Saving state: None 
(Filename: ./Runtime/Export/Debug/Debug.bindings.h Line: 35)

IslandSaveData Save, Success 
(Filename: ./Runtime/Export/Debug/Debug.bindings.h Line: 35)

GlobalSaveData Save, Success 
(Filename: ./Runtime/Export/Debug/Debug.bindings.h Line: 35)

Finalize Emerge 
(Filename: ./Runtime/Export/Debug/Debug.bindings.h Line: 35)

Couldn't find position for shop 'Forge' within range +/-0->37.24 (increment = 0.4), adding to queue... 
(Filename: ./Runtime/Export/Debug/Debug.bindings.h Line: 35)

<color=red>(Playfab)</color> Failed aborting file upload: /File/AbortFileUploads PlayFabError(NoEntityFileOperationPending, The file island-v35-c0-l4 does not have an operation pending to finalize., 400 BadRequest) 
(Filename: ./Runtime/Export/Debug/Debug.bindings.h Line: 35)

<color=red>(Playfab)</color> /File/AbortFileUploads: The file island-v35-c0-l4 does not have an operation pending to finalize. 
(Filename: ./Runtime/Export/Debug/Debug.bindings.h Line: 35)

<color=blue>(Playfab)</color> Upload of file island-v35-c0-l4 was successful 
(Filename: ./Runtime/Export/Debug/Debug.bindings.h Line: 35)

<color=blue>(Playfab)</color> Upload of file global-v35 was successful 
(Filename: ./Runtime/Export/Debug/Debug.bindings.h Line: 35)

<color=blue>(Playfab)</color> Upload SaveData result: UploadSuccess 
(Filename: ./Runtime/Export/Debug/Debug.bindings.h Line: 35)

Playing track zephyr at time 11.85539 
(Filename: ./Runtime/Export/Debug/Debug.bindings.h Line: 35)

SteamPlatformManager.CheckIfDlcIsAvailable. AppId_t:1708680, isAvailable:False. 
(Filename: ./Runtime/Export/Debug/Debug.bindings.h Line: 35)

DPI 0 (50) h: 21.6 
(Filename: ./Runtime/Export/Debug/Debug.bindings.h Line: 35)

[RP]Setting rich presence: InMenu 
(Filename: ./Runtime/Export/Debug/Debug.bindings.h Line: 35)

Menu._ShowMainPanel 1. targetDepth: 1 
(Filename: ./Runtime/Export/Debug/Debug.bindings.h Line: 35)

Menu._ShowMainPanel 2. targetDepth: 1 
(Filename: ./Runtime/Export/Debug/Debug.bindings.h Line: 35)

Menu._ShowMainPanel 3. targetDepth: 1 
(Filename: ./Runtime/Export/Debug/Debug.bindings.h Line: 35)

Menu._ShowMainPanel 3. targetDepth: 0 
(Filename: ./Runtime/Export/Debug/Debug.bindings.h Line: 35)

[RP]Setting rich presence: LandFive 
(Filename: ./Runtime/Export/Debug/Debug.bindings.h Line: 35)

Checking become safe, isDaytime False isSafe: False isDangerous: False, enemManager: Enemies attacking: False retaliations: 0 
(Filename: ./Runtime/Export/Debug/Debug.bindings.h Line: 35)

Checking become safe, isDaytime False isSafe: False isDangerous: False, enemManager: Enemies attacking: False retaliations: 0 
(Filename: ./Runtime/Export/Debug/Debug.bindings.h Line: 35)

Checking become safe, isDaytime False isSafe: False isDangerous: False, enemManager: Enemies attacking: False retaliations: 0 
(Filename: ./Runtime/Export/Debug/Debug.bindings.h Line: 35)

Checking become safe, isDaytime False isSafe: False isDangerous: False, enemManager: Enemies attacking: False retaliations: 0 
(Filename: ./Runtime/Export/Debug/Debug.bindings.h Line: 35)

Checking become safe, isDaytime False isSafe: False isDangerous: False, enemManager: Enemies attacking: False retaliations: 0 
(Filename: ./Runtime/Export/Debug/Debug.bindings.h Line: 35)

Checking become safe, isDaytime False isSafe: False isDangerous: False, enemManager: Enemies attacking: False retaliations: 0 
(Filename: ./Runtime/Export/Debug/Debug.bindings.h Line: 35)

Checking become safe, isDaytime False isSafe: False isDangerous: False, enemManager: Enemies attacking: False retaliations: 0 
(Filename: ./Runtime/Export/Debug/Debug.bindings.h Line: 35)

Checking become safe, isDaytime False isSafe: False isDangerous: False, enemManager: Enemies attacking: False retaliations: 0 
(Filename: ./Runtime/Export/Debug/Debug.bindings.h Line: 35)

Checking become safe, isDaytime False isSafe: False isDangerous: False, enemManager: Enemies attacking: False retaliations: 0 
(Filename: ./Runtime/Export/Debug/Debug.bindings.h Line: 35)

[TROLL] Troll P10 - Pickup loot Coin P25 
(Filename: ./Runtime/Export/Debug/Debug.bindings.h Line: 35)

[TROLL] Troll P9 - Pickup loot Coin P24 
(Filename: ./Runtime/Export/Debug/Debug.bindings.h Line: 35)

Wave (Left) on day 21  spawn day 21 aiming at 01:00 takes 4.238 hours; will spawn at 20:45. Day type: normalDay 
(Filename: ./Runtime/Export/Debug/Debug.bindings.h Line: 35)

Wave (Right) on day 21  spawn day 21 aiming at 01:00 takes 5.1555 hours; will spawn at 19:50. Day type: normalDay 
(Filename: ./Runtime/Export/Debug/Debug.bindings.h Line: 35)

[TROLL] Troll P10 - Destroying loot Coin P25 (Coin) 
(Filename: ./Runtime/Export/Debug/Debug.bindings.h Line: 35)

[TROLL] Troll P9 - Destroying loot Coin P24 (Coin) 
(Filename: ./Runtime/Export/Debug/Debug.bindings.h Line: 35)

Checking become safe, isDaytime False isSafe: False isDangerous: False, enemManager: Enemies attacking: False retaliations: 0 
(Filename: ./Runtime/Export/Debug/Debug.bindings.h Line: 35)

Checking become safe, isDaytime False isSafe: False isDangerous: False, enemManager: Enemies attacking: False retaliations: 0 
(Filename: ./Runtime/Export/Debug/Debug.bindings.h Line: 35)

Checking become safe, isDaytime False isSafe: False isDangerous: False, enemManager: Enemies attacking: False retaliations: 0 
(Filename: ./Runtime/Export/Debug/Debug.bindings.h Line: 35)

Checking become safe, isDaytime False isSafe: False isDangerous: False, enemManager: Enemies attacking: False retaliations: 0 
(Filename: ./Runtime/Export/Debug/Debug.bindings.h Line: 35)

Checking become safe, isDaytime False isSafe: False isDangerous: False, enemManager: Enemies attacking: False retaliations: 0 
(Filename: ./Runtime/Export/Debug/Debug.bindings.h Line: 35)

Checking become safe, isDaytime False isSafe: False isDangerous: False, enemManager: Enemies attacking: False retaliations: 0 
(Filename: ./Runtime/Export/Debug/Debug.bindings.h Line: 35)

Checking become safe, isDaytime False isSafe: False isDangerous: False, enemManager: Enemies attacking: False retaliations: 0 
(Filename: ./Runtime/Export/Debug/Debug.bindings.h Line: 35)

Checking become safe, isDaytime False isSafe: False isDangerous: False, enemManager: Enemies attacking: False retaliations: 0 
(Filename: ./Runtime/Export/Debug/Debug.bindings.h Line: 35)

Checking become safe, isDaytime False isSafe: False isDangerous: False, enemManager: Enemies attacking: False retaliations: 0 
(Filename: ./Runtime/Export/Debug/Debug.bindings.h Line: 35)

Checking become safe, isDaytime False isSafe: False isDangerous: False, enemManager: Enemies attacking: False retaliations: 0 
(Filename: ./Runtime/Export/Debug/Debug.bindings.h Line: 35)

Checking become safe, isDaytime False isSafe: False isDangerous: False, enemManager: Enemies attacking: False retaliations: 0 
(Filename: ./Runtime/Export/Debug/Debug.bindings.h Line: 35)

Checking become safe, isDaytime False isSafe: False isDangerous: False, enemManager: Enemies attacking: False retaliations: 0 
(Filename: ./Runtime/Export/Debug/Debug.bindings.h Line: 35)

Checking become safe, isDaytime False isSafe: False isDangerous: False, enemManager: Enemies attacking: False retaliations: 0 
(Filename: ./Runtime/Export/Debug/Debug.bindings.h Line: 35)

Checking become safe, isDaytime False isSafe: False isDangerous: False, enemManager: Enemies attacking: False retaliations: 0 
(Filename: ./Runtime/Export/Debug/Debug.bindings.h Line: 35)

Couldn't find position for shop 'Forge' within range +/-0->37.24 (increment = 0.4), adding to queue... 
(Filename: ./Runtime/Export/Debug/Debug.bindings.h Line: 35)

Checking become safe, isDaytime True isSafe: False isDangerous: False, enemManager: Enemies attacking: False retaliations: 0 
(Filename: ./Runtime/Export/Debug/Debug.bindings.h Line: 35)

the tin can 
(Filename: ./Runtime/Export/Debug/Debug.bindings.h Line: 35)

[CAVE] Saving state: None 
(Filename: ./Runtime/Export/Debug/Debug.bindings.h Line: 35)

IslandSaveData Save, Success 
(Filename: ./Runtime/Export/Debug/Debug.bindings.h Line: 35)

GlobalSaveData Save, Success 
(Filename: ./Runtime/Export/Debug/Debug.bindings.h Line: 35)

Finalize Emerge 
(Filename: ./Runtime/Export/Debug/Debug.bindings.h Line: 35)

<color=red>(Playfab)</color> Failed aborting file upload: /File/AbortFileUploads PlayFabError(NoEntityFileOperationPending, The file island-v35-c0-l4 does not have an operation pending to finalize., 400 BadRequest) 
(Filename: ./Runtime/Export/Debug/Debug.bindings.h Line: 35)

<color=red>(Playfab)</color> /File/AbortFileUploads: The file island-v35-c0-l4 does not have an operation pending to finalize. 
(Filename: ./Runtime/Export/Debug/Debug.bindings.h Line: 35)

<color=blue>(Playfab)</color> Upload of file global-v35 was successful 
(Filename: ./Runtime/Export/Debug/Debug.bindings.h Line: 35)

<color=blue>(Playfab)</color> Upload of file island-v35-c0-l4 was successful 
(Filename: ./Runtime/Export/Debug/Debug.bindings.h Line: 35)

<color=blue>(Playfab)</color> Upload SaveData result: UploadSuccess 
(Filename: ./Runtime/Export/Debug/Debug.bindings.h Line: 35)

Couldn't find position for shop 'Forge' within range +/-0->37.24 (increment = 0.4), adding to queue... 
(Filename: ./Runtime/Export/Debug/Debug.bindings.h Line: 35)

Playing track wurlihigh2 (victory) at time 7.500633 
(Filename: ./Runtime/Export/Debug/Debug.bindings.h Line: 35)

Checking become safe, isDaytime False isSafe: False isDangerous: False, enemManager: Enemies attacking: False retaliations: 0 
(Filename: ./Runtime/Export/Debug/Debug.bindings.h Line: 35)

Checking become safe, isDaytime False isSafe: False isDangerous: False, enemManager: Enemies attacking: False retaliations: 0 
(Filename: ./Runtime/Export/Debug/Debug.bindings.h Line: 35)

Checking become safe, isDaytime False isSafe: False isDangerous: False, enemManager: Enemies attacking: False retaliations: 0 
(Filename: ./Runtime/Export/Debug/Debug.bindings.h Line: 35)

Checking become safe, isDaytime False isSafe: False isDangerous: False, enemManager: Enemies attacking: False retaliations: 0 
(Filename: ./Runtime/Export/Debug/Debug.bindings.h Line: 35)

Checking become safe, isDaytime False isSafe: False isDangerous: False, enemManager: Enemies attacking: False retaliations: 0 
(Filename: ./Runtime/Export/Debug/Debug.bindings.h Line: 35)

Checking become safe, isDaytime False isSafe: False isDangerous: False, enemManager: Enemies attacking: False retaliations: 0 
(Filename: ./Runtime/Export/Debug/Debug.bindings.h Line: 35)

Checking become safe, isDaytime False isSafe: False isDangerous: False, enemManager: Enemies attacking: False retaliations: 0 
(Filename: ./Runtime/Export/Debug/Debug.bindings.h Line: 35)

Checking become safe, isDaytime False isSafe: False isDangerous: False, enemManager: Enemies attacking: False retaliations: 0 
(Filename: ./Runtime/Export/Debug/Debug.bindings.h Line: 35)

Checking become safe, isDaytime False isSafe: False isDangerous: False, enemManager: Enemies attacking: False retaliations: 0 
(Filename: ./Runtime/Export/Debug/Debug.bindings.h Line: 35)

[TROLL] Troll P7 - Pickup loot Coin P13 
(Filename: ./Runtime/Export/Debug/Debug.bindings.h Line: 35)

[TROLL] Troll P6 - Pickup loot Coin P22 
(Filename: ./Runtime/Export/Debug/Debug.bindings.h Line: 35)

Wave (Right) on day 22  spawn day 22 aiming at 01:00 takes 5.1555 hours; will spawn at 19:50. Day type: normalDay 
(Filename: ./Runtime/Export/Debug/Debug.bindings.h Line: 35)

Wave (Left) on day 22  spawn day 22 aiming at 01:00 takes 4.238 hours; will spawn at 20:45. Day type: normalDay 
(Filename: ./Runtime/Export/Debug/Debug.bindings.h Line: 35)

[TROLL] Troll P7 - Destroying loot Coin P13 (Coin) 
(Filename: ./Runtime/Export/Debug/Debug.bindings.h Line: 35)

[TROLL] Troll P6 - Destroying loot Coin P22 (Coin) 
(Filename: ./Runtime/Export/Debug/Debug.bindings.h Line: 35)

Checking become safe, isDaytime False isSafe: False isDangerous: False, enemManager: Enemies attacking: False retaliations: 0 
(Filename: ./Runtime/Export/Debug/Debug.bindings.h Line: 35)

Checking become safe, isDaytime False isSafe: False isDangerous: False, enemManager: Enemies attacking: False retaliations: 0 
(Filename: ./Runtime/Export/Debug/Debug.bindings.h Line: 35)

Checking become safe, isDaytime False isSafe: False isDangerous: False, enemManager: Enemies attacking: False retaliations: 0 
(Filename: ./Runtime/Export/Debug/Debug.bindings.h Line: 35)

Checking become safe, isDaytime False isSafe: False isDangerous: False, enemManager: Enemies attacking: False retaliations: 0 
(Filename: ./Runtime/Export/Debug/Debug.bindings.h Line: 35)

Checking become safe, isDaytime False isSafe: False isDangerous: False, enemManager: Enemies attacking: False retaliations: 0 
(Filename: ./Runtime/Export/Debug/Debug.bindings.h Line: 35)

Checking become safe, isDaytime False isSafe: False isDangerous: False, enemManager: Enemies attacking: False retaliations: 0 
(Filename: ./Runtime/Export/Debug/Debug.bindings.h Line: 35)

Checking become safe, isDaytime False isSafe: False isDangerous: False, enemManager: Enemies attacking: False retaliations: 0 
(Filename: ./Runtime/Export/Debug/Debug.bindings.h Line: 35)

Checking become safe, isDaytime False isSafe: False isDangerous: False, enemManager: Enemies attacking: False retaliations: 0 
(Filename: ./Runtime/Export/Debug/Debug.bindings.h Line: 35)

Checking become safe, isDaytime False isSafe: False isDangerous: False, enemManager: Enemies attacking: False retaliations: 0 
(Filename: ./Runtime/Export/Debug/Debug.bindings.h Line: 35)

Checking become safe, isDaytime False isSafe: False isDangerous: False, enemManager: Enemies attacking: False retaliations: 0 
(Filename: ./Runtime/Export/Debug/Debug.bindings.h Line: 35)

Checking become safe, isDaytime False isSafe: False isDangerous: False, enemManager: Enemies attacking: False retaliations: 0 
(Filename: ./Runtime/Export/Debug/Debug.bindings.h Line: 35)

Checking become safe, isDaytime False isSafe: False isDangerous: False, enemManager: Enemies attacking: False retaliations: 0 
(Filename: ./Runtime/Export/Debug/Debug.bindings.h Line: 35)

Checking become safe, isDaytime False isSafe: False isDangerous: False, enemManager: Enemies attacking: False retaliations: 0 
(Filename: ./Runtime/Export/Debug/Debug.bindings.h Line: 35)

Checking become safe, isDaytime True isSafe: False isDangerous: False, enemManager: Enemies attacking: False retaliations: 0 
(Filename: ./Runtime/Export/Debug/Debug.bindings.h Line: 35)

the tin can 
(Filename: ./Runtime/Export/Debug/Debug.bindings.h Line: 35)

[CAVE] Saving state: None 
(Filename: ./Runtime/Export/Debug/Debug.bindings.h Line: 35)

IslandSaveData Save, Success 
(Filename: ./Runtime/Export/Debug/Debug.bindings.h Line: 35)

GlobalSaveData Save, Success 
(Filename: ./Runtime/Export/Debug/Debug.bindings.h Line: 35)

Finalize Emerge 
(Filename: ./Runtime/Export/Debug/Debug.bindings.h Line: 35)

<color=red>(Playfab)</color> Failed aborting file upload: /File/AbortFileUploads PlayFabError(NoEntityFileOperationPending, The file island-v35-c0-l4 does not have an operation pending to finalize., 400 BadRequest) 
(Filename: ./Runtime/Export/Debug/Debug.bindings.h Line: 35)

<color=red>(Playfab)</color> /File/AbortFileUploads: The file island-v35-c0-l4 does not have an operation pending to finalize. 
(Filename: ./Runtime/Export/Debug/Debug.bindings.h Line: 35)

<color=blue>(Playfab)</color> Upload of file global-v35 was successful 
(Filename: ./Runtime/Export/Debug/Debug.bindings.h Line: 35)

<color=blue>(Playfab)</color> Upload of file island-v35-c0-l4 was successful 
(Filename: ./Runtime/Export/Debug/Debug.bindings.h Line: 35)

<color=blue>(Playfab)</color> Upload SaveData result: UploadSuccess 
(Filename: ./Runtime/Export/Debug/Debug.bindings.h Line: 35)

Couldn't find position for shop 'Scythe' within range +/-0->37.24 (increment = 0.26), adding to queue... 
(Filename: ./Runtime/Export/Debug/Debug.bindings.h Line: 35)

Couldn't find position for shop 'WorkshopLeft' within range +/-37.24->0 (increment = -0.35), adding to queue... 
(Filename: ./Runtime/Export/Debug/Debug.bindings.h Line: 35)

Couldn't find position for shop 'PikeRight' within range +/-8.75->0 (increment = -0.3), adding to queue... 
(Filename: ./Runtime/Export/Debug/Debug.bindings.h Line: 35)

Couldn't find position for shop 'WorkshopRight' within range +/-8.75->0 (increment = -0.35), adding to queue... 
(Filename: ./Runtime/Export/Debug/Debug.bindings.h Line: 35)

Couldn't find position for shop 'WorkshopRight' within range +/-28.89->0 (increment = -0.35), adding to queue... 
(Filename: ./Runtime/Export/Debug/Debug.bindings.h Line: 35)

Couldn't find position for shop 'WorkshopRight' within range +/-28.89->0 (increment = -0.35), adding to queue... 
(Filename: ./Runtime/Export/Debug/Debug.bindings.h Line: 35)

Couldn't find position for shop 'WorkshopRight' within range +/-28.89->0 (increment = -0.35), adding to queue... 
(Filename: ./Runtime/Export/Debug/Debug.bindings.h Line: 35)

Couldn't find position for shop 'WorkshopRight' within range +/-28.89->0 (increment = -0.35), adding to queue... 
(Filename: ./Runtime/Export/Debug/Debug.bindings.h Line: 35)

Playing track wurlihigh at time 21.55919 
(Filename: ./Runtime/Export/Debug/Debug.bindings.h Line: 35)

Checking become safe, isDaytime False isSafe: False isDangerous: False, enemManager: Enemies attacking: False retaliations: 0 
(Filename: ./Runtime/Export/Debug/Debug.bindings.h Line: 35)

Couldn't find position for shop 'WorkshopRight' within range +/-28.89->0 (increment = -0.35), adding to queue... 
(Filename: ./Runtime/Export/Debug/Debug.bindings.h Line: 35)

Checking become safe, isDaytime False isSafe: False isDangerous: False, enemManager: Enemies attacking: False retaliations: 0 
(Filename: ./Runtime/Export/Debug/Debug.bindings.h Line: 35)

Checking become safe, isDaytime False isSafe: False isDangerous: False, enemManager: Enemies attacking: False retaliations: 0 
(Filename: ./Runtime/Export/Debug/Debug.bindings.h Line: 35)

Checking become safe, isDaytime False isSafe: False isDangerous: False, enemManager: Enemies attacking: False retaliations: 0 
(Filename: ./Runtime/Export/Debug/Debug.bindings.h Line: 35)

Checking become safe, isDaytime False isSafe: False isDangerous: False, enemManager: Enemies attacking: False retaliations: 0 
(Filename: ./Runtime/Export/Debug/Debug.bindings.h Line: 35)

Checking become safe, isDaytime False isSafe: False isDangerous: False, enemManager: Enemies attacking: False retaliations: 0 
(Filename: ./Runtime/Export/Debug/Debug.bindings.h Line: 35)

Checking become safe, isDaytime False isSafe: False isDangerous: False, enemManager: Enemies attacking: False retaliations: 0 
(Filename: ./Runtime/Export/Debug/Debug.bindings.h Line: 35)

Checking become safe, isDaytime False isSafe: False isDangerous: False, enemManager: Enemies attacking: False retaliations: 0 
(Filename: ./Runtime/Export/Debug/Debug.bindings.h Line: 35)

Wave (Left) on day 23  spawn day 23 aiming at 01:00 takes 4.238 hours; will spawn at 20:45. Day type: normalDay 
(Filename: ./Runtime/Export/Debug/Debug.bindings.h Line: 35)

Wave (Right) on day 23  spawn day 23 aiming at 01:00 takes 5.1555 hours; will spawn at 19:50. Day type: normalDay 
(Filename: ./Runtime/Export/Debug/Debug.bindings.h Line: 35)

Playing track wintermorning at time 2.098356 
(Filename: ./Runtime/Export/Debug/Debug.bindings.h Line: 35)

Checking become safe, isDaytime False isSafe: False isDangerous: False, enemManager: Enemies attacking: False retaliations: 0 
(Filename: ./Runtime/Export/Debug/Debug.bindings.h Line: 35)

Checking become safe, isDaytime False isSafe: False isDangerous: False, enemManager: Enemies attacking: False retaliations: 0 
(Filename: ./Runtime/Export/Debug/Debug.bindings.h Line: 35)

Checking become safe, isDaytime False isSafe: False isDangerous: False, enemManager: Enemies attacking: False retaliations: 0 
(Filename: ./Runtime/Export/Debug/Debug.bindings.h Line: 35)

Checking become safe, isDaytime False isSafe: False isDangerous: False, enemManager: Enemies attacking: False retaliations: 0 
(Filename: ./Runtime/Export/Debug/Debug.bindings.h Line: 35)

Checking become safe, isDaytime False isSafe: False isDangerous: False, enemManager: Enemies attacking: False retaliations: 0 
(Filename: ./Runtime/Export/Debug/Debug.bindings.h Line: 35)

Checking become safe, isDaytime False isSafe: False isDangerous: False, enemManager: Enemies attacking: False retaliations: 0 
(Filename: ./Runtime/Export/Debug/Debug.bindings.h Line: 35)

Checking become safe, isDaytime False isSafe: False isDangerous: False, enemManager: Enemies attacking: False retaliations: 0 
(Filename: ./Runtime/Export/Debug/Debug.bindings.h Line: 35)

Checking become safe, isDaytime False isSafe: False isDangerous: False, enemManager: Enemies attacking: False retaliations: 0 
(Filename: ./Runtime/Export/Debug/Debug.bindings.h Line: 35)

Checking become safe, isDaytime False isSafe: False isDangerous: False, enemManager: Enemies attacking: False retaliations: 0 
(Filename: ./Runtime/Export/Debug/Debug.bindings.h Line: 35)

Couldn't find position for shop 'WorkshopRight' within range +/-28.89->0 (increment = -0.35), adding to queue... 
(Filename: ./Runtime/Export/Debug/Debug.bindings.h Line: 35)

Checking become safe, isDaytime True isSafe: False isDangerous: False, enemManager: Enemies attacking: False retaliations: 0 
(Filename: ./Runtime/Export/Debug/Debug.bindings.h Line: 35)

the tin can 
(Filename: ./Runtime/Export/Debug/Debug.bindings.h Line: 35)

[CAVE] Saving state: None 
(Filename: ./Runtime/Export/Debug/Debug.bindings.h Line: 35)

IslandSaveData Save, Success 
(Filename: ./Runtime/Export/Debug/Debug.bindings.h Line: 35)

GlobalSaveData Save, Success 
(Filename: ./Runtime/Export/Debug/Debug.bindings.h Line: 35)

Finalize Emerge 
(Filename: ./Runtime/Export/Debug/Debug.bindings.h Line: 35)

<color=red>(Playfab)</color> Failed aborting file upload: /File/AbortFileUploads PlayFabError(NoEntityFileOperationPending, The file island-v35-c0-l4 does not have an operation pending to finalize., 400 BadRequest) 
(Filename: ./Runtime/Export/Debug/Debug.bindings.h Line: 35)

<color=red>(Playfab)</color> /File/AbortFileUploads: The file island-v35-c0-l4 does not have an operation pending to finalize. 
(Filename: ./Runtime/Export/Debug/Debug.bindings.h Line: 35)

<color=blue>(Playfab)</color> Upload of file island-v35-c0-l4 was successful 
(Filename: ./Runtime/Export/Debug/Debug.bindings.h Line: 35)

<color=blue>(Playfab)</color> Upload of file global-v35 was successful 
(Filename: ./Runtime/Export/Debug/Debug.bindings.h Line: 35)

<color=blue>(Playfab)</color> Upload SaveData result: UploadSuccess 
(Filename: ./Runtime/Export/Debug/Debug.bindings.h Line: 35)

Couldn't find position for shop 'WorkshopRight' within range +/-28.89->0 (increment = -0.35), adding to queue... 
(Filename: ./Runtime/Export/Debug/Debug.bindings.h Line: 35)

Couldn't find position for shop 'WorkshopRight' within range +/-28.89->0 (increment = -0.35), adding to queue... 
(Filename: ./Runtime/Export/Debug/Debug.bindings.h Line: 35)

Going to Tower: Guard Position 1 @ -39.9275 
(Filename: ./Runtime/Export/Debug/Debug.bindings.h Line: 35)

Going to Tower: Guard Position 2 @ -39.49 
(Filename: ./Runtime/Export/Debug/Debug.bindings.h Line: 35)

Couldn't find position for shop 'WorkshopRight' within range +/-28.89->0 (increment = -0.35), adding to queue... 
(Filename: ./Runtime/Export/Debug/Debug.bindings.h Line: 35)

Couldn't find position for shop 'WorkshopRight' within range +/-28.89->0 (increment = -0.35), adding to queue... 
(Filename: ./Runtime/Export/Debug/Debug.bindings.h Line: 35)

Couldn't find position for shop 'WorkshopRight' within range +/-28.89->0 (increment = -0.35), adding to queue... 
(Filename: ./Runtime/Export/Debug/Debug.bindings.h Line: 35)

Couldn't find position for shop 'WorkshopRight' within range +/-28.89->0 (increment = -0.35), adding to queue... 
(Filename: ./Runtime/Export/Debug/Debug.bindings.h Line: 35)

Going to Tower: Guard Position 1 @ -39.9275 
(Filename: ./Runtime/Export/Debug/Debug.bindings.h Line: 35)

Going to Tower: Guard Position 2 @ -39.49 
(Filename: ./Runtime/Export/Debug/Debug.bindings.h Line: 35)

Going to Tower: Guard Position 3 @ -39.74 
(Filename: ./Runtime/Export/Debug/Debug.bindings.h Line: 35)

Couldn't find position for shop 'WorkshopRight' within range +/-28.89->0 (increment = -0.35), adding to queue... 
(Filename: ./Runtime/Export/Debug/Debug.bindings.h Line: 35)

Couldn't find position for shop 'WorkshopRight' within range +/-28.89->0 (increment = -0.35), adding to queue... 
(Filename: ./Runtime/Export/Debug/Debug.bindings.h Line: 35)

Couldn't find position for shop 'WorkshopRight' within range +/-28.89->0 (increment = -0.35), adding to queue... 
(Filename: ./Runtime/Export/Debug/Debug.bindings.h Line: 35)

Going to Tower: Guard Position 3 @ -39.74 
(Filename: ./Runtime/Export/Debug/Debug.bindings.h Line: 35)

Going to Tower: Guard Position 1 @ -40.055 
(Filename: ./Runtime/Export/Debug/Debug.bindings.h Line: 35)

Going to Tower: Guard Position 2 @ -39.412 
(Filename: ./Runtime/Export/Debug/Debug.bindings.h Line: 35)

Checking become safe, isDaytime False isSafe: False isDangerous: False, enemManager: Enemies attacking: False retaliations: 0 
(Filename: ./Runtime/Export/Debug/Debug.bindings.h Line: 35)

Checking become safe, isDaytime False isSafe: False isDangerous: False, enemManager: Enemies attacking: False retaliations: 0 
(Filename: ./Runtime/Export/Debug/Debug.bindings.h Line: 35)

Checking become safe, isDaytime False isSafe: False isDangerous: False, enemManager: Enemies attacking: False retaliations: 0 
(Filename: ./Runtime/Export/Debug/Debug.bindings.h Line: 35)

Checking become safe, isDaytime False isSafe: False isDangerous: False, enemManager: Enemies attacking: False retaliations: 0 
(Filename: ./Runtime/Export/Debug/Debug.bindings.h Line: 35)

Checking become safe, isDaytime False isSafe: False isDangerous: False, enemManager: Enemies attacking: False retaliations: 0 
(Filename: ./Runtime/Export/Debug/Debug.bindings.h Line: 35)

Checking become safe, isDaytime False isSafe: False isDangerous: False, enemManager: Enemies attacking: False retaliations: 0 
(Filename: ./Runtime/Export/Debug/Debug.bindings.h Line: 35)

Checking become safe, isDaytime False isSafe: False isDangerous: False, enemManager: Enemies attacking: False retaliations: 0 
(Filename: ./Runtime/Export/Debug/Debug.bindings.h Line: 35)

Checking become safe, isDaytime False isSafe: False isDangerous: False, enemManager: Enemies attacking: False retaliations: 0 
(Filename: ./Runtime/Export/Debug/Debug.bindings.h Line: 35)

Wave (Right) on day 24  spawn day 24 aiming at 01:00 takes 5.1555 hours; will spawn at 19:50. Day type: normalDay 
(Filename: ./Runtime/Export/Debug/Debug.bindings.h Line: 35)

Wave (Left) on day 24  spawn day 24 aiming at 01:00 takes 3.904 hours; will spawn at 21:05. Day type: normalDay 
(Filename: ./Runtime/Export/Debug/Debug.bindings.h Line: 35)

Checking become safe, isDaytime False isSafe: False isDangerous: False, enemManager: Enemies attacking: False retaliations: 0 
(Filename: ./Runtime/Export/Debug/Debug.bindings.h Line: 35)

Checking become safe, isDaytime False isSafe: False isDangerous: False, enemManager: Enemies attacking: False retaliations: 0 
(Filename: ./Runtime/Export/Debug/Debug.bindings.h Line: 35)

Checking become safe, isDaytime False isSafe: False isDangerous: False, enemManager: Enemies attacking: False retaliations: 0 
(Filename: ./Runtime/Export/Debug/Debug.bindings.h Line: 35)

Checking become safe, isDaytime False isSafe: False isDangerous: False, enemManager: Enemies attacking: False retaliations: 0 
(Filename: ./Runtime/Export/Debug/Debug.bindings.h Line: 35)

Checking become safe, isDaytime False isSafe: False isDangerous: False, enemManager: Enemies attacking: False retaliations: 0 
(Filename: ./Runtime/Export/Debug/Debug.bindings.h Line: 35)

Checking become safe, isDaytime False isSafe: False isDangerous: False, enemManager: Enemies attacking: False retaliations: 0 
(Filename: ./Runtime/Export/Debug/Debug.bindings.h Line: 35)

Checking become safe, isDaytime False isSafe: False isDangerous: False, enemManager: Enemies attacking: False retaliations: 0 
(Filename: ./Runtime/Export/Debug/Debug.bindings.h Line: 35)

Checking become safe, isDaytime False isSafe: False isDangerous: False, enemManager: Enemies attacking: False retaliations: 0 
(Filename: ./Runtime/Export/Debug/Debug.bindings.h Line: 35)

Checking become safe, isDaytime False isSafe: False isDangerous: False, enemManager: Enemies attacking: False retaliations: 0 
(Filename: ./Runtime/Export/Debug/Debug.bindings.h Line: 35)

Checking become safe, isDaytime False isSafe: False isDangerous: False, enemManager: Enemies attacking: False retaliations: 0 
(Filename: ./Runtime/Export/Debug/Debug.bindings.h Line: 35)

Checking become safe, isDaytime True isSafe: False isDangerous: False, enemManager: Enemies attacking: False retaliations: 0 
(Filename: ./Runtime/Export/Debug/Debug.bindings.h Line: 35)

the tin can 
(Filename: ./Runtime/Export/Debug/Debug.bindings.h Line: 35)

[CAVE] Saving state: None 
(Filename: ./Runtime/Export/Debug/Debug.bindings.h Line: 35)

IslandSaveData Save, Success 
(Filename: ./Runtime/Export/Debug/Debug.bindings.h Line: 35)

GlobalSaveData Save, Success 
(Filename: ./Runtime/Export/Debug/Debug.bindings.h Line: 35)

Finalize Emerge 
(Filename: ./Runtime/Export/Debug/Debug.bindings.h Line: 35)

<color=red>(Playfab)</color> Failed aborting file upload: /File/AbortFileUploads PlayFabError(NoEntityFileOperationPending, The file island-v35-c0-l4 does not have an operation pending to finalize., 400 BadRequest) 
(Filename: ./Runtime/Export/Debug/Debug.bindings.h Line: 35)

<color=red>(Playfab)</color> /File/AbortFileUploads: The file island-v35-c0-l4 does not have an operation pending to finalize. 
(Filename: ./Runtime/Export/Debug/Debug.bindings.h Line: 35)

<color=blue>(Playfab)</color> Upload of file global-v35 was successful 
(Filename: ./Runtime/Export/Debug/Debug.bindings.h Line: 35)

<color=blue>(Playfab)</color> Upload of file island-v35-c0-l4 was successful 
(Filename: ./Runtime/Export/Debug/Debug.bindings.h Line: 35)

Couldn't find position for shop 'WorkshopRight' within range +/-28.89->0 (increment = -0.35), adding to queue... 
(Filename: ./Runtime/Export/Debug/Debug.bindings.h Line: 35)

Couldn't find position for shop 'Forge' within range +/-0->43.92 (increment = 0.4), adding to queue... 
(Filename: ./Runtime/Export/Debug/Debug.bindings.h Line: 35)

<color=blue>(Playfab)</color> Upload SaveData result: UploadSuccess 
(Filename: ./Runtime/Export/Debug/Debug.bindings.h Line: 35)

Couldn't find position for shop 'WorkshopRight' within range +/-8.75->0 (increment = -0.35), adding to queue... 
(Filename: ./Runtime/Export/Debug/Debug.bindings.h Line: 35)

Couldn't find position for shop 'Forge' within range +/-0->43.92 (increment = 0.4), adding to queue... 
(Filename: ./Runtime/Export/Debug/Debug.bindings.h Line: 35)

Couldn't find position for shop 'PikeRight' within range +/-8.75->0 (increment = -0.3), adding to queue... 
(Filename: ./Runtime/Export/Debug/Debug.bindings.h Line: 35)

Playing track twilight at time 8.57095 
(Filename: ./Runtime/Export/Debug/Debug.bindings.h Line: 35)

Going to Tower: Guard Position 1 @ 34.355 
(Filename: ./Runtime/Export/Debug/Debug.bindings.h Line: 35)

Couldn't find position for shop 'Forge' within range +/-0->43.92 (increment = 0.4), adding to queue... 
(Filename: ./Runtime/Export/Debug/Debug.bindings.h Line: 35)

Couldn't find position for shop 'Forge' within range +/-0->55.61 (increment = 0.4), adding to queue... 
(Filename: ./Runtime/Export/Debug/Debug.bindings.h Line: 35)

Couldn't find position for shop 'Forge' within range +/-0->55.61 (increment = 0.4), adding to queue... 
(Filename: ./Runtime/Export/Debug/Debug.bindings.h Line: 35)

Couldn't find position for shop 'Forge' within range +/-0->55.61 (increment = 0.4), adding to queue... 
(Filename: ./Runtime/Export/Debug/Debug.bindings.h Line: 35)

Couldn't find position for shop 'Forge' within range +/-0->77.32 (increment = 0.4), adding to queue... 
(Filename: ./Runtime/Export/Debug/Debug.bindings.h Line: 35)

Couldn't find position for shop 'Forge' within range +/-0->77.32 (increment = 0.4), adding to queue... 
(Filename: ./Runtime/Export/Debug/Debug.bindings.h Line: 35)

Couldn't find position for shop 'Forge' within range +/-0->77.32 (increment = 0.4), adding to queue... 
(Filename: ./Runtime/Export/Debug/Debug.bindings.h Line: 35)

Going to Tower: Guard Position 1 @ 69.425 
(Filename: ./Runtime/Export/Debug/Debug.bindings.h Line: 35)

Wave (Left) on day 25  spawn day 25 aiming at 01:00 takes 3.904 hours; will spawn at 21:05. Day type: normalDay 
(Filename: ./Runtime/Export/Debug/Debug.bindings.h Line: 35)

Wave (Right) on day 25  spawn day 25 aiming at 01:00 takes 2.734 hours; will spawn at 22:15. Day type: normalDay 
(Filename: ./Runtime/Export/Debug/Debug.bindings.h Line: 35)

Checking become safe, isDaytime False isSafe: False isDangerous: False, enemManager: Enemies attacking: False retaliations: 0 
(Filename: ./Runtime/Export/Debug/Debug.bindings.h Line: 35)

Checking become safe, isDaytime False isSafe: False isDangerous: False, enemManager: Enemies attacking: False retaliations: 0 
(Filename: ./Runtime/Export/Debug/Debug.bindings.h Line: 35)

Checking become safe, isDaytime False isSafe: False isDangerous: False, enemManager: Enemies attacking: False retaliations: 0 
(Filename: ./Runtime/Export/Debug/Debug.bindings.h Line: 35)

Checking become safe, isDaytime False isSafe: False isDangerous: False, enemManager: Enemies attacking: False retaliations: 0 
(Filename: ./Runtime/Export/Debug/Debug.bindings.h Line: 35)

Checking become safe, isDaytime False isSafe: False isDangerous: False, enemManager: Enemies attacking: False retaliations: 0 
(Filename: ./Runtime/Export/Debug/Debug.bindings.h Line: 35)

Checking become safe, isDaytime False isSafe: False isDangerous: False, enemManager: Enemies attacking: False retaliations: 0 
(Filename: ./Runtime/Export/Debug/Debug.bindings.h Line: 35)

Checking become safe, isDaytime False isSafe: False isDangerous: False, enemManager: Enemies attacking: False retaliations: 0 
(Filename: ./Runtime/Export/Debug/Debug.bindings.h Line: 35)

Checking become safe, isDaytime False isSafe: False isDangerous: False, enemManager: Enemies attacking: False retaliations: 0 
(Filename: ./Runtime/Export/Debug/Debug.bindings.h Line: 35)

Checking become safe, isDaytime False isSafe: False isDangerous: False, enemManager: Enemies attacking: False retaliations: 0 
(Filename: ./Runtime/Export/Debug/Debug.bindings.h Line: 35)

Checking become safe, isDaytime False isSafe: False isDangerous: False, enemManager: Enemies attacking: False retaliations: 0 
(Filename: ./Runtime/Export/Debug/Debug.bindings.h Line: 35)

Checking become safe, isDaytime False isSafe: False isDangerous: False, enemManager: Enemies attacking: False retaliations: 0 
(Filename: ./Runtime/Export/Debug/Debug.bindings.h Line: 35)

Checking become safe, isDaytime True isSafe: False isDangerous: False, enemManager: Enemies attacking: False retaliations: 0 
(Filename: ./Runtime/Export/Debug/Debug.bindings.h Line: 35)

Going to Tower: Guard Position 1 @ 69.83125 
(Filename: ./Runtime/Export/Debug/Debug.bindings.h Line: 35)

the tin can 
(Filename: ./Runtime/Export/Debug/Debug.bindings.h Line: 35)

[CAVE] Saving state: None 
(Filename: ./Runtime/Export/Debug/Debug.bindings.h Line: 35)

IslandSaveData Save, Success 
(Filename: ./Runtime/Export/Debug/Debug.bindings.h Line: 35)

GlobalSaveData Save, Success 
(Filename: ./Runtime/Export/Debug/Debug.bindings.h Line: 35)

Finalize Emerge 
(Filename: ./Runtime/Export/Debug/Debug.bindings.h Line: 35)

<color=red>(Playfab)</color> Failed aborting file upload: /File/AbortFileUploads PlayFabError(NoEntityFileOperationPending, The file island-v35-c0-l4 does not have an operation pending to finalize., 400 BadRequest) 
(Filename: ./Runtime/Export/Debug/Debug.bindings.h Line: 35)

<color=red>(Playfab)</color> /File/AbortFileUploads: The file island-v35-c0-l4 does not have an operation pending to finalize. 
(Filename: ./Runtime/Export/Debug/Debug.bindings.h Line: 35)

<color=blue>(Playfab)</color> Upload of file island-v35-c0-l4 was successful 
(Filename: ./Runtime/Export/Debug/Debug.bindings.h Line: 35)

<color=blue>(Playfab)</color> Upload of file global-v35 was successful 
(Filename: ./Runtime/Export/Debug/Debug.bindings.h Line: 35)

<color=blue>(Playfab)</color> Upload SaveData result: UploadSuccess 
(Filename: ./Runtime/Export/Debug/Debug.bindings.h Line: 35)

DPI 0 (50) h: 21.6 
(Filename: ./Runtime/Export/Debug/Debug.bindings.h Line: 35)

Going to Tower: Guard Position 1 @ 34.355 
(Filename: ./Runtime/Export/Debug/Debug.bindings.h Line: 35)

Couldn't find position for shop 'WorkshopRight' within range +/-55.61->0 (increment = -0.35), adding to queue... 
(Filename: ./Runtime/Export/Debug/Debug.bindings.h Line: 35)

Extending time to despawn on Object Boulder P1 to 15s 
(Filename: ./Runtime/Export/Debug/Debug.bindings.h Line: 35)

Going to Tower: Guard Position 1 @ -40.055 
(Filename: ./Runtime/Export/Debug/Debug.bindings.h Line: 35)

Couldn't find position for shop 'WorkshopRight' within range +/-55.61->0 (increment = -0.35), adding to queue... 
(Filename: ./Runtime/Export/Debug/Debug.bindings.h Line: 35)

Couldn't find position for shop 'PikeRight' within range +/-55.61->0 (increment = -0.3), adding to queue... 
(Filename: ./Runtime/Export/Debug/Debug.bindings.h Line: 35)

Couldn't find position for shop 'WorkshopRight' within range +/-55.61->0 (increment = -0.35), adding to queue... 
(Filename: ./Runtime/Export/Debug/Debug.bindings.h Line: 35)

Couldn't find position for shop 'PikeRight' within range +/-55.61->0 (increment = -0.3), adding to queue... 
(Filename: ./Runtime/Export/Debug/Debug.bindings.h Line: 35)

[TROLL] Troll P18 - Pickup loot Coin P3 
(Filename: ./Runtime/Export/Debug/Debug.bindings.h Line: 35)

[TROLL] Troll P18 - Destroying loot Coin P3 (Coin) 
(Filename: ./Runtime/Export/Debug/Debug.bindings.h Line: 35)

Couldn't find position for shop 'WorkshopLeft' within range +/-8.75->0 (increment = -0.35), adding to queue... 
(Filename: ./Runtime/Export/Debug/Debug.bindings.h Line: 35)

Couldn't find position for shop 'PikeLeft' within range +/-8.75->0 (increment = -0.3), adding to queue... 
(Filename: ./Runtime/Export/Debug/Debug.bindings.h Line: 35)

[TROLL] Troll P14 - Pickup loot Coin P33 
(Filename: ./Runtime/Export/Debug/Debug.bindings.h Line: 35)

[TROLL] Troll P36 - Pickup loot Coin P9 
(Filename: ./Runtime/Export/Debug/Debug.bindings.h Line: 35)

[TROLL] Troll P10 - Pickup loot Coin P36 
(Filename: ./Runtime/Export/Debug/Debug.bindings.h Line: 35)

[TROLL] Troll P33 - Pickup loot Coin P35 
(Filename: ./Runtime/Export/Debug/Debug.bindings.h Line: 35)

[TROLL] Troll P32 - Pickup loot Coin P30 
(Filename: ./Runtime/Export/Debug/Debug.bindings.h Line: 35)

[TROLL] Troll P10 - Drop loot Coin P36 (Coin) 
(Filename: ./Runtime/Export/Debug/Debug.bindings.h Line: 35)

[TROLL] Troll P32 - Drop loot Coin P30 (Coin) 
(Filename: ./Runtime/Export/Debug/Debug.bindings.h Line: 35)

[TROLL] Troll P14 - Drop loot Coin P33 (Coin) 
(Filename: ./Runtime/Export/Debug/Debug.bindings.h Line: 35)

Going to Tower: Guard Position 1 @ 69.9875 
(Filename: ./Runtime/Export/Debug/Debug.bindings.h Line: 35)

[TROLL] Troll P32 - Pickup loot ToolBow P4 
(Filename: ./Runtime/Export/Debug/Debug.bindings.h Line: 35)

[TROLL] Troll P6 - Pickup loot ToolBow P3 
(Filename: ./Runtime/Export/Debug/Debug.bindings.h Line: 35)

Going to Tower: Guard Position 2 @ -7 
(Filename: ./Runtime/Export/Debug/Debug.bindings.h Line: 35)

[TROLL] Troll P32 - Drop loot ToolBow P4 (DroppableTool) 
(Filename: ./Runtime/Export/Debug/Debug.bindings.h Line: 35)

Going to Tower: Guard Position 1 @ -7.4375 
(Filename: ./Runtime/Export/Debug/Debug.bindings.h Line: 35)

Going to Tower: Guard Position 3 @ -7.25 
(Filename: ./Runtime/Export/Debug/Debug.bindings.h Line: 35)

[TROLL] Troll P6 - Drop loot ToolBow P3 (DroppableTool) 
(Filename: ./Runtime/Export/Debug/Debug.bindings.h Line: 35)

[TROLL] Troll P14 - Pickup loot ToolBow P1 
(Filename: ./Runtime/Export/Debug/Debug.bindings.h Line: 35)

[TROLL] Troll P12 - Pickup loot Coin P32 
(Filename: ./Runtime/Export/Debug/Debug.bindings.h Line: 35)

[TROLL] Troll P36 - Destroying loot Coin P9 (Coin) 
(Filename: ./Runtime/Export/Debug/Debug.bindings.h Line: 35)

[TROLL] Troll P33 - Destroying loot Coin P35 (Coin) 
(Filename: ./Runtime/Export/Debug/Debug.bindings.h Line: 35)

[TROLL] Troll P14 - Drop loot ToolBow P1 (DroppableTool) 
(Filename: ./Runtime/Export/Debug/Debug.bindings.h Line: 35)

[TROLL] Troll P11 - Pickup loot ToolBow P5 
(Filename: ./Runtime/Export/Debug/Debug.bindings.h Line: 35)

[TROLL] Troll P12 - Drop loot Coin P32 (Coin) 
(Filename: ./Runtime/Export/Debug/Debug.bindings.h Line: 35)

Couldn't find position for shop 'WorkshopLeft' within range +/-8.75->0 (increment = -0.35), adding to queue... 
(Filename: ./Runtime/Export/Debug/Debug.bindings.h Line: 35)

Couldn't find position for shop 'PikeLeft' within range +/-8.75->0 (increment = -0.3), adding to queue... 
(Filename: ./Runtime/Export/Debug/Debug.bindings.h Line: 35)

[TROLL] Troll P11 - Drop loot ToolBow P5 (DroppableTool) 
(Filename: ./Runtime/Export/Debug/Debug.bindings.h Line: 35)

[TROLL] Troll P28 - Pickup loot ToolBow P10 
(Filename: ./Runtime/Export/Debug/Debug.bindings.h Line: 35)

[TROLL] Troll P5 - Pickup loot ToolBow P9 
(Filename: ./Runtime/Export/Debug/Debug.bindings.h Line: 35)

[TROLL] Troll P32 - Pickup loot ToolBow P7 
(Filename: ./Runtime/Export/Debug/Debug.bindings.h Line: 35)

[TROLL] Troll P28 - Drop loot ToolBow P10 (DroppableTool) 
(Filename: ./Runtime/Export/Debug/Debug.bindings.h Line: 35)

[TROLL] Troll P5 - Drop loot ToolBow P9 (DroppableTool) 
(Filename: ./Runtime/Export/Debug/Debug.bindings.h Line: 35)

[TROLL] Troll P32 - Drop loot ToolBow P7 (DroppableTool) 
(Filename: ./Runtime/Export/Debug/Debug.bindings.h Line: 35)

[TROLL] Troll P27 - Pickup loot ToolBow P6 
(Filename: ./Runtime/Export/Debug/Debug.bindings.h Line: 35)

[TROLL] Troll P27 - Drop loot ToolBow P6 (DroppableTool) 
(Filename: ./Runtime/Export/Debug/Debug.bindings.h Line: 35)

Checking become safe, isDaytime True isSafe: False isDangerous: False, enemManager: Enemies attacking: False retaliations: 0 
(Filename: ./Runtime/Export/Debug/Debug.bindings.h Line: 35)

Finalize Emerge 
(Filename: ./Runtime/Export/Debug/Debug.bindings.h Line: 35)

Going to Tower: Guard Position 2 @ 69.55 
(Filename: ./Runtime/Export/Debug/Debug.bindings.h Line: 35)

Going to Tower: Guard Position 1 @ -15.125 
(Filename: ./Runtime/Export/Debug/Debug.bindings.h Line: 35)

the tin can 
(Filename: ./Runtime/Export/Debug/Debug.bindings.h Line: 35)

[CAVE] Saving state: None 
(Filename: ./Runtime/Export/Debug/Debug.bindings.h Line: 35)

IslandSaveData Save, Success 
(Filename: ./Runtime/Export/Debug/Debug.bindings.h Line: 35)

GlobalSaveData Save, Success 
(Filename: ./Runtime/Export/Debug/Debug.bindings.h Line: 35)

<color=red>(Playfab)</color> Failed aborting file upload: /File/AbortFileUploads PlayFabError(NoEntityFileOperationPending, The file island-v35-c0-l4 does not have an operation pending to finalize., 400 BadRequest) 
(Filename: ./Runtime/Export/Debug/Debug.bindings.h Line: 35)

<color=red>(Playfab)</color> /File/AbortFileUploads: The file island-v35-c0-l4 does not have an operation pending to finalize. 
(Filename: ./Runtime/Export/Debug/Debug.bindings.h Line: 35)

<color=blue>(Playfab)</color> Upload of file island-v35-c0-l4 was successful 
(Filename: ./Runtime/Export/Debug/Debug.bindings.h Line: 35)

<color=blue>(Playfab)</color> Upload of file global-v35 was successful 
(Filename: ./Runtime/Export/Debug/Debug.bindings.h Line: 35)

<color=blue>(Playfab)</color> Upload SaveData result: UploadSuccess 
(Filename: ./Runtime/Export/Debug/Debug.bindings.h Line: 35)

SteamPlatformManager.CheckIfDlcIsAvailable. AppId_t:1708680, isAvailable:False. 
(Filename: ./Runtime/Export/Debug/Debug.bindings.h Line: 35)

DPI 0 (50) h: 21.6 
(Filename: ./Runtime/Export/Debug/Debug.bindings.h Line: 35)

[RP]Setting rich presence: InMenu 
(Filename: ./Runtime/Export/Debug/Debug.bindings.h Line: 35)

Menu._ShowMainPanel 1. targetDepth: 1 
(Filename: ./Runtime/Export/Debug/Debug.bindings.h Line: 35)

Menu._ShowMainPanel 2. targetDepth: 1 
(Filename: ./Runtime/Export/Debug/Debug.bindings.h Line: 35)

Menu._ShowMainPanel 3. targetDepth: 1 
(Filename: ./Runtime/Export/Debug/Debug.bindings.h Line: 35)

the tin can 
(Filename: ./Runtime/Export/Debug/Debug.bindings.h Line: 35)

[CAVE] Saving state: None 
(Filename: ./Runtime/Export/Debug/Debug.bindings.h Line: 35)

IslandSaveData Save, Success 
(Filename: ./Runtime/Export/Debug/Debug.bindings.h Line: 35)

GlobalSaveData Save, Success 
(Filename: ./Runtime/Export/Debug/Debug.bindings.h Line: 35)

Menu._ShowMainPanel 3. targetDepth: 0 
(Filename: ./Runtime/Export/Debug/Debug.bindings.h Line: 35)

<color=red>(Playfab)</color> Failed aborting file upload: /File/AbortFileUploads PlayFabError(NoEntityFileOperationPending, The file island-v35-c0-l4 does not have an operation pending to finalize., 400 BadRequest) 
(Filename: ./Runtime/Export/Debug/Debug.bindings.h Line: 35)

<color=red>(Playfab)</color> /File/AbortFileUploads: The file island-v35-c0-l4 does not have an operation pending to finalize. 
(Filename: ./Runtime/Export/Debug/Debug.bindings.h Line: 35)

<color=blue>(Playfab)</color> Upload of file island-v35-c0-l4 was successful 
(Filename: ./Runtime/Export/Debug/Debug.bindings.h Line: 35)

<color=blue>(Playfab)</color> Upload of file global-v35 was successful 
(Filename: ./Runtime/Export/Debug/Debug.bindings.h Line: 35)

<color=blue>(Playfab)</color> Upload SaveData result: UploadSuccess 
(Filename: ./Runtime/Export/Debug/Debug.bindings.h Line: 35)

Time is paused so 'ignorePause' must be set to 'true' for fade out to work. 
(Filename: ./Runtime/Export/Debug/Debug.bindings.h Line: 35)

Setting up 8 worker threads for Enlighten.
  Thread -> id: 7ff37ffdb6c0 -> priority: 1 
  Thread -> id: 7ff2fc9e76c0 -> priority: 1 
  Thread -> id: 7ff23f1626c0 -> priority: 1 
  Thread -> id: 7ff23e9616c0 -> priority: 1 
  Thread -> id: 7ff23e1606c0 -> priority: 1 
  Thread -> id: 7ff23d95f6c0 -> priority: 1 
  Thread -> id: 7ff23d15e6c0 -> priority: 1 
  Thread -> id: 7ff23c95d6c0 -> priority: 1 
