[2022-08-10 13:30:43.136] [debug] (replays.worker)       replays: Spawning worker
[2022-08-10 13:30:43.353] [debug] (replays.worker)       replays: Spawning worker: Done
[2022-08-10 13:30:43.553] [info]                         Checking for update
[2022-08-10 13:30:43.573] [info]                         Generated new staging user ID: 5d70f344-2eb1-581b-afb9-9bc26b2d5240
[2022-08-10 13:30:44.194] [info]                         Checking for update (already in progress)
[2022-08-10 13:30:44.200] [info]                         Could not find netplay Dolphin installation. Downloading...
[2022-08-10 13:30:44.226] [info]                         Could not find playback Dolphin installation. Downloading...
[2022-08-10 13:30:44.390] [info]                         Downloading https://github.com/project-slippi/Ishiiruka-Playback/releases/download/v2.4.1/playback-2.4.1-Linux.zip to /home/thetincan/.config/Slippi Launcher/temp/playback-2.4.1-Linux.zip
[2022-08-10 13:30:44.393] [info]                         Downloading https://github.com/project-slippi/Ishiiruka/releases/download/v2.4.0/FM-Slippi-2.4.0-Linux.zip to /home/thetincan/.config/Slippi Launcher/temp/FM-Slippi-2.4.0-Linux.zip
[2022-08-10 13:30:45.055] [info]                         Update for version 2.5.4 is not available (latest version: 2.5.4, downgrade is disallowed).
[2022-08-10 13:30:45.973] [info]                         Successfully downloaded https://github.com/project-slippi/Ishiiruka-Playback/releases/download/v2.4.1/playback-2.4.1-Linux.zip to /home/thetincan/.config/Slippi Launcher/temp/playback-2.4.1-Linux.zip
[2022-08-10 13:30:45.974] [info]                         Installing v2.4.1 playback Dolphin...
[2022-08-10 13:30:46.787] [info]                         Successfully downloaded https://github.com/project-slippi/Ishiiruka/releases/download/v2.4.0/FM-Slippi-2.4.0-Linux.zip to /home/thetincan/.config/Slippi Launcher/temp/FM-Slippi-2.4.0-Linux.zip
[2022-08-10 13:30:46.789] [info]                         Installing v2.4.0 netplay Dolphin...
[2022-08-10 13:30:47.075] [info]                         Finished v2.4.1 playback Dolphin install
[2022-08-10 13:30:47.698] [info]                         Finished v2.4.0 netplay Dolphin install
[2022-08-10 13:40:14.179] [info]  (dolphin/manager)      Launching dolphin at path: /home/thetincan/.config/Slippi Launcher/netplay/Slippi_Online-x86_64.AppImage
[2022-08-10 13:40:20.850] [warn]  (dolphin/manager)      Dolphin exit code: 0
[2022-08-10 13:40:28.309] [info]  (dolphin/manager)      Launching dolphin at path: /home/thetincan/.config/Slippi Launcher/netplay/Slippi_Online-x86_64.AppImage
[2022-08-10 13:56:20.731] [warn]  (dolphin/manager)      Dolphin exit code: 0
