00:00:00.000121 main     VirtualBox XPCOM Server 6.1.37 r153395 linux.amd64 (Aug 27 2022 00:35:25) release log
00:00:00.000122 main     Log opened 2022-08-29T19:22:43.396934000Z
00:00:00.000123 main     Build Type: release
00:00:00.000127 main     OS Product: Linux
00:00:00.000127 main     OS Release: 5.18.19-200.fc36.x86_64
00:00:00.000127 main     OS Version: #1 SMP PREEMPT_DYNAMIC Sun Aug 21 15:52:59 UTC 2022
00:00:00.000148 main     DMI Product Name: MS-7C02
00:00:00.000153 main     DMI Product Version: 1.0
00:00:00.000158 main     Firmware type: UEFI
00:00:00.000213 main     Secure Boot: Disabled
00:00:00.000240 main     Host RAM: 32042MB (31.2GB) total, 29434MB (28.7GB) available
00:00:00.000243 main     Executable: /opt/VirtualBox/VBoxSVC
00:00:00.000243 main     Process ID: 9350
00:00:00.000243 main     Package type: LINUX_64BITS_GENERIC
00:00:00.000834 main     IPC socket path: /tmp/.vbox-thetincan-ipc/ipcd
00:00:00.102187 nspr-2   VirtualBox: object creation starts
00:00:00.102229 nspr-2   Home directory: '/home/thetincan/.config/VirtualBox'
00:00:00.103243 nspr-2   HostDnsMonitor: initializing
00:00:00.103450 nspr-2   NAT: resolv.conf: nameserver 127.0.0.53
00:00:00.103459 nspr-2   NAT: resolv.conf: ignoring "options edns0 trust-ad"
00:00:00.103472 nspr-2   HostDnsMonitor: updating information
00:00:00.103491 nspr-2   HostDnsMonitor: old information
00:00:00.103496 nspr-2     no server entries
00:00:00.103501 nspr-2     no domain set
00:00:00.103505 nspr-2     no search string entries
00:00:00.103509 nspr-2   HostDnsMonitor: new information
00:00:00.103513 nspr-2     server 1: 127.0.0.53
00:00:00.103518 nspr-2     domain: carolina.rr.com
00:00:00.103522 nspr-2     search string 1: carolina.rr.com
00:00:00.105181 nspr-2   Failed to open "/dev/vboxdrvu", errno=2, rc=VERR_VM_DRIVER_NOT_INSTALLED
00:00:00.105286 nspr-2   VD: VDInit finished with VINF_SUCCESS
00:00:00.105594 nspr-2   VirtualBox: object created
00:00:02.330964 nspr-3   Saving settings file "/home/thetincan/.config/VirtualBox/VirtualBox.xml" with version "1.12-linux"
00:00:02.339639 nspr-3   Saving settings file "/home/thetincan/.config/VirtualBox/VirtualBox.xml" with version "1.12-linux"
00:00:28.376053 nspr-3   Loading settings file "/home/thetincan/VirtualBox VMs/Kali Linux/Kali Linux.vbox" with version "1.16-linux"
00:00:28.376729 nspr-3   ERROR [COM]: aRC=VBOX_E_OBJECT_NOT_FOUND (0x80bb0001) aIID={d0a0163f-e254-4e5b-a1f2-011cf991c38d} aComponent={VirtualBoxWrap} aText={Could not find a registered machine with UUID {a81a0e34-437d-41a4-ae30-fcd8ed1c6427}}, preserve=false aResultDetail=0
00:00:28.377669 nspr-3   Saving settings file "/home/thetincan/.config/VirtualBox/VirtualBox.xml" with version "1.12-linux"
00:00:28.708742 nspr-3   WARNING [COM]: aRC=NS_ERROR_FAILURE (0x80004005) aIID={16ced992-5fdc-4aba-aff5-6a39bbd7c38b} aComponent={HostWrap} aText={VirtualBox is not currently allowed to access USB devices.  You can change this by adding your user to the 'vboxusers' group.  Please see the user manual for a more detailed explanation}, preserve=true  aResultDetail=0
00:00:28.721497 nspr-3   Failed to open "/dev/vboxdrvu", errno=2, rc=VERR_VM_DRIVER_NOT_INSTALLED
00:00:28.857309 nspr-3   WARNING [COM]: aRC=NS_ERROR_FAILURE (0x80004005) aIID={16ced992-5fdc-4aba-aff5-6a39bbd7c38b} aComponent={HostWrap} aText={VirtualBox is not currently allowed to access USB devices.  You can change this by adding your user to the 'vboxusers' group.  Please see the user manual for a more detailed explanation}, preserve=true  aResultDetail=0
00:00:28.858188 nspr-3   WARNING [COM]: aRC=NS_ERROR_FAILURE (0x80004005) aIID={16ced992-5fdc-4aba-aff5-6a39bbd7c38b} aComponent={HostWrap} aText={VirtualBox is not currently allowed to access USB devices.  You can change this by adding your user to the 'vboxusers' group.  Please see the user manual for a more detailed explanation}, preserve=true  aResultDetail=0
00:00:38.260198 nspr-3   Failed to open "/dev/vboxdrvu", errno=2, rc=VERR_VM_DRIVER_NOT_INSTALLED
00:00:38.260879 nspr-3   Failed to open "/dev/vboxdrvu", errno=2, rc=VERR_VM_DRIVER_NOT_INSTALLED
00:00:42.791864 nspr-3   Launched VM: 134226576 pid: 9397 (0x24b5) frontend: GUI/Qt name: Kali Linux
00:00:42.855709 nspr-3   Failed to open "/dev/vboxdrvu", errno=2, rc=VERR_VM_DRIVER_NOT_INSTALLED
00:00:42.888045 nspr-4   WARNING [COM]: aRC=NS_ERROR_FAILURE (0x80004005) aIID={16ced992-5fdc-4aba-aff5-6a39bbd7c38b} aComponent={HostWrap} aText={VirtualBox is not currently allowed to access USB devices.  You can change this by adding your user to the 'vboxusers' group.  Please see the user manual for a more detailed explanation}, preserve=true  aResultDetail=0
00:00:42.888951 nspr-4   WARNING [COM]: aRC=NS_ERROR_FAILURE (0x80004005) aIID={16ced992-5fdc-4aba-aff5-6a39bbd7c38b} aComponent={HostWrap} aText={VirtualBox is not currently allowed to access USB devices.  You can change this by adding your user to the 'vboxusers' group.  Please see the user manual for a more detailed explanation}, preserve=true  aResultDetail=0
00:00:43.292130 Watcher  ERROR [COM]: aRC=NS_ERROR_FAILURE (0x80004005) aIID={85632c68-b5bb-4316-a900-5eb28d3413df} aComponent={MachineWrap} aText={The virtual machine 'Kali Linux' has terminated unexpectedly during startup with exit code 1 (0x1)}, preserve=false aResultDetail=0
00:00:43.832115 nspr-3   Failed to open "/dev/vboxdrvu", errno=2, rc=VERR_VM_DRIVER_NOT_INSTALLED
00:00:43.860807 nspr-3   WARNING [COM]: aRC=NS_ERROR_FAILURE (0x80004005) aIID={16ced992-5fdc-4aba-aff5-6a39bbd7c38b} aComponent={HostWrap} aText={VirtualBox is not currently allowed to access USB devices.  You can change this by adding your user to the 'vboxusers' group.  Please see the user manual for a more detailed explanation}, preserve=true  aResultDetail=0
00:00:43.861482 nspr-3   WARNING [COM]: aRC=NS_ERROR_FAILURE (0x80004005) aIID={16ced992-5fdc-4aba-aff5-6a39bbd7c38b} aComponent={HostWrap} aText={VirtualBox is not currently allowed to access USB devices.  You can change this by adding your user to the 'vboxusers' group.  Please see the user manual for a more detailed explanation}, preserve=true  aResultDetail=0
00:00:52.759153 nspr-3   Saving settings file "/home/thetincan/.config/VirtualBox/VirtualBox.xml" with version "1.12-linux"
00:00:52.768849 nspr-4   Saving settings file "/home/thetincan/.config/VirtualBox/VirtualBox.xml" with version "1.12-linux"
00:00:52.781198 nspr-4   Saving settings file "/home/thetincan/.config/VirtualBox/VirtualBox.xml" with version "1.12-linux"
00:00:52.788964 nspr-3   Saving settings file "/home/thetincan/.config/VirtualBox/VirtualBox.xml" with version "1.12-linux"
00:00:52.811039 nspr-3   Saving settings file "/home/thetincan/.config/VirtualBox/VirtualBox.xml" with version "1.12-linux"
00:00:52.817875 nspr-4   Saving settings file "/home/thetincan/.config/VirtualBox/VirtualBox.xml" with version "1.12-linux"
00:00:58.328699 main     VirtualBox: object deletion starts
00:00:58.328739 main     ERROR [COM]: aRC=VBOX_E_OBJECT_IN_USE (0x80bb000c) aIID={ad47ad09-787b-44ab-b343-a082a3f2dfb1} aComponent={MediumWrap} aText={Medium '/home/thetincan/VMs/kali-linux-2022.3-virtualbox-amd64-7z/kali-linux-2022.3-virtualbox-amd64/kali-linux-2022.3-virtualbox-amd64.vdi' cannot be closed because it is still attached to 1 virtual machines}, preserve=false aResultDetail=0
00:00:58.328998 main     HostDnsMonitor: shutting down ...
00:00:58.331881 main     HostDnsMonitor: shut down
00:00:58.794508 Watcher  ERROR [COM]: aRC=E_ACCESSDENIED (0x80070005) aIID={d0a0163f-e254-4e5b-a1f2-011cf991c38d} aComponent={VirtualBoxWrap} aText={The object is not ready}, preserve=false aResultDetail=0
00:01:03.331974 main     {00007f0d0c015260} HostPowerServiceLinux::~HostPowerServiceLinux: RTThreadWait() for 5000 ms failed with VERR_TIMEOUT
00:01:03.332170 main     VirtualBox: object deleted
